Using pre-set license
Built from '2020.3/staging' branch; Version is '2020.3.0f1 (c7b5465681fb) revision 13088070'; Using compiler version '192528614'; Build Type 'Release'
OS: 'Windows 10 Pro; OS build 18363.1379; Version 1909; 64bit' Language: 'en' Physical Memory: 16348 MB
BatchMode: 1, IsHumanControllingUs: 0, StartBugReporterOnCrash: 0, Is64bit: 1, IsPro: 0

 COMMAND LINE ARGUMENTS:
C:\Program Files\Unity\Hub\Editor\2020.3.0f1\Editor\Unity.exe
-adb2
-batchMode
-noUpm
-name
AssetImportWorker0
-projectPath
D:/Udemy/Online Multiplayer/_Active/Udemy Online FPS
-logFile
Logs/AssetImportWorker0.log
-srvPort
52037
Successfully changed project path to: D:/Udemy/Online Multiplayer/_Active/Udemy Online FPS
D:/Udemy/Online Multiplayer/_Active/Udemy Online FPS
Using Asset Import Pipeline V2.
Refreshing native plugins compatible for Editor in 23.09 ms, found 0 plugins.
Preloading 0 native plugins for Editor in 0.00 ms.
Initialize engine version: 2020.3.0f1 (c7b5465681fb)
[Subsystems] Discovering subsystems at path C:/Program Files/Unity/Hub/Editor/2020.3.0f1/Editor/Data/Resources/UnitySubsystems
[Subsystems] Discovering subsystems at path D:/Udemy/Online Multiplayer/_Active/Udemy Online FPS/Assets
GfxDevice: creating device client; threaded=0
Direct3D:
    Version:  Direct3D 11.0 [level 11.1]
    Renderer: NVIDIA GeForce GTX 1070 (ID=0x1b81)
    Vendor:   
    VRAM:     8088 MB
    Driver:   27.21.14.5671
Initialize mono
Mono path[0] = 'C:/Program Files/Unity/Hub/Editor/2020.3.0f1/Editor/Data/Managed'
Mono path[1] = 'C:/Program Files/Unity/Hub/Editor/2020.3.0f1/Editor/Data/MonoBleedingEdge/lib/mono/unityjit'
Mono config path = 'C:/Program Files/Unity/Hub/Editor/2020.3.0f1/Editor/Data/MonoBleedingEdge/etc'
Using monoOptions --debugger-agent=transport=dt_socket,embedding=1,server=y,suspend=n,address=127.0.0.1:56460
Begin MonoManager ReloadAssembly
Registering precompiled unity dll's ...
Register platform support module: C:/Program Files/Unity/Hub/Editor/2020.3.0f1/Editor/Data/PlaybackEngines/WebGLSupport/UnityEditor.WebGL.Extensions.dll
Register platform support module: C:/Program Files/Unity/Hub/Editor/2020.3.0f1/Editor/Data/PlaybackEngines/WindowsStandaloneSupport/UnityEditor.WindowsStandalone.Extensions.dll
Registered in 0.002813 seconds.
Native extension for WindowsStandalone target not found
Native extension for WebGL target not found
Refreshing native plugins compatible for Editor in 22.12 ms, found 0 plugins.
Preloading 0 native plugins for Editor in 0.00 ms.
Invoked RoslynAnalysisRunner static constructor.
RoslynAnalysisRunner will not be running.
RoslynAnalysisRunner has terminated.
Mono: successfully reloaded assembly
- Completed reload, in  1.381 seconds
Platform modules already initialized, skipping
Registering precompiled user dll's ...
Registered in 0.002678 seconds.
Begin MonoManager ReloadAssembly
Native extension for WindowsStandalone target not found
Native extension for WebGL target not found
Refreshing native plugins compatible for Editor in 0.22 ms, found 0 plugins.
Preloading 0 native plugins for Editor in 0.00 ms.
Invoked RoslynAnalysisRunner static constructor.
RoslynAnalysisRunner will not be running.
RoslynAnalysisRunner has terminated.
Mono: successfully reloaded assembly
- Completed reload, in  0.770 seconds
Platform modules already initialized, skipping
========================================================================
Worker process is ready to serve import requests
Launched and connected shader compiler UnityShaderCompiler.exe after 0.05 seconds
Refreshing native plugins compatible for Editor in 0.21 ms, found 0 plugins.
Preloading 0 native plugins for Editor in 0.00 ms.
Unloading 1238 Unused Serialized files (Serialized files now loaded: 0)
System memory in use before: 63.6 MB.
System memory in use after: 63.7 MB.

Unloading 15 unused Assets to reduce memory usage. Loaded Objects now: 1677.
Total: 1.498900 ms (FindLiveObjects: 0.111100 ms CreateObjectMapping: 0.033100 ms MarkObjects: 1.285300 ms  DeleteObjects: 0.068700 ms)

========================================================================
Received Import Request.
  path: Assets/Scenes/Map 1.unity
  artifactKey: Guid(fbc8b8a9bf3c5954aa8eb5e00756c27f) Importer(815301076,1909f56bfc062723c751e8b465ee728b)
Start importing Assets/Scenes/Map 1.unity using Guid(fbc8b8a9bf3c5954aa8eb5e00756c27f) Importer(815301076,1909f56bfc062723c751e8b465ee728b)  -> (artifact id: '46948da0417e197cb9f19ac62b9de928') in 0.060459 seconds
  Import took 0.062107 seconds .

========================================================================
Received Prepare
Registering precompiled user dll's ...
Registered in 0.002627 seconds.
Begin MonoManager ReloadAssembly
Native extension for WindowsStandalone target not found
Native extension for WebGL target not found
Refreshing native plugins compatible for Editor in 0.22 ms, found 0 plugins.
Preloading 0 native plugins for Editor in 0.00 ms.
Invoked RoslynAnalysisRunner static constructor.
RoslynAnalysisRunner will not be running.
RoslynAnalysisRunner has terminated.
Mono: successfully reloaded assembly
- Completed reload, in  0.815 seconds
Platform modules already initialized, skipping
Refreshing native plugins compatible for Editor in 0.24 ms, found 0 plugins.
Preloading 0 native plugins for Editor in 0.00 ms.
Unloading 1220 Unused Serialized files (Serialized files now loaded: 0)
System memory in use before: 62.5 MB.
System memory in use after: 62.6 MB.

Unloading 10 unused Assets to reduce memory usage. Loaded Objects now: 1680.
Total: 1.344100 ms (FindLiveObjects: 0.124400 ms CreateObjectMapping: 0.032100 ms MarkObjects: 1.139200 ms  DeleteObjects: 0.047000 ms)

========================================================================
Received Prepare
Registering precompiled user dll's ...
Registered in 0.002712 seconds.
Begin MonoManager ReloadAssembly
Native extension for WindowsStandalone target not found
Native extension for WebGL target not found
Refreshing native plugins compatible for Editor in 0.23 ms, found 0 plugins.
Preloading 0 native plugins for Editor in 0.00 ms.
Invoked RoslynAnalysisRunner static constructor.
RoslynAnalysisRunner will not be running.
RoslynAnalysisRunner has terminated.
Mono: successfully reloaded assembly
- Completed reload, in  0.806 seconds
Platform modules already initialized, skipping
Refreshing native plugins compatible for Editor in 0.21 ms, found 0 plugins.
Preloading 0 native plugins for Editor in 0.00 ms.
Unloading 1220 Unused Serialized files (Serialized files now loaded: 0)
System memory in use before: 62.6 MB.
System memory in use after: 62.6 MB.

Unloading 10 unused Assets to reduce memory usage. Loaded Objects now: 1683.
Total: 1.375900 ms (FindLiveObjects: 0.111500 ms CreateObjectMapping: 0.030600 ms MarkObjects: 1.187700 ms  DeleteObjects: 0.045000 ms)

========================================================================
Received Prepare
Registering precompiled user dll's ...
Registered in 0.002643 seconds.
Begin MonoManager ReloadAssembly
Native extension for WindowsStandalone target not found
Native extension for WebGL target not found
Refreshing native plugins compatible for Editor in 0.22 ms, found 0 plugins.
Preloading 0 native plugins for Editor in 0.00 ms.
Invoked RoslynAnalysisRunner static constructor.
RoslynAnalysisRunner will not be running.
RoslynAnalysisRunner has terminated.
Mono: successfully reloaded assembly
- Completed reload, in  0.794 seconds
Platform modules already initialized, skipping
Refreshing native plugins compatible for Editor in 0.21 ms, found 0 plugins.
Preloading 0 native plugins for Editor in 0.00 ms.
Unloading 1220 Unused Serialized files (Serialized files now loaded: 0)
System memory in use before: 62.6 MB.
System memory in use after: 62.7 MB.

Unloading 10 unused Assets to reduce memory usage. Loaded Objects now: 1686.
Total: 1.708300 ms (FindLiveObjects: 0.189200 ms CreateObjectMapping: 0.051500 ms MarkObjects: 1.416300 ms  DeleteObjects: 0.048900 ms)

========================================================================
Received Prepare
Registering precompiled user dll's ...
Registered in 0.002854 seconds.
Begin MonoManager ReloadAssembly
Native extension for WindowsStandalone target not found
Native extension for WebGL target not found
Refreshing native plugins compatible for Editor in 0.22 ms, found 0 plugins.
Preloading 0 native plugins for Editor in 0.00 ms.
Invoked RoslynAnalysisRunner static constructor.
RoslynAnalysisRunner will not be running.
RoslynAnalysisRunner has terminated.
Mono: successfully reloaded assembly
- Completed reload, in  0.805 seconds
Platform modules already initialized, skipping
Refreshing native plugins compatible for Editor in 0.22 ms, found 0 plugins.
Preloading 0 native plugins for Editor in 0.00 ms.
Unloading 1220 Unused Serialized files (Serialized files now loaded: 0)
System memory in use before: 62.6 MB.
System memory in use after: 62.7 MB.

Unloading 10 unused Assets to reduce memory usage. Loaded Objects now: 1689.
Total: 1.400700 ms (FindLiveObjects: 0.111000 ms CreateObjectMapping: 0.030100 ms MarkObjects: 1.215600 ms  DeleteObjects: 0.042700 ms)

========================================================================
Received Prepare
Registering precompiled user dll's ...
Registered in 0.002596 seconds.
Begin MonoManager ReloadAssembly
Native extension for WindowsStandalone target not found
Native extension for WebGL target not found
Refreshing native plugins compatible for Editor in 0.24 ms, found 0 plugins.
Preloading 0 native plugins for Editor in 0.00 ms.
Invoked RoslynAnalysisRunner static constructor.
RoslynAnalysisRunner will not be running.
RoslynAnalysisRunner has terminated.
Mono: successfully reloaded assembly
- Completed reload, in  0.758 seconds
Platform modules already initialized, skipping
Refreshing native plugins compatible for Editor in 0.22 ms, found 0 plugins.
Preloading 0 native plugins for Editor in 0.00 ms.
Unloading 1220 Unused Serialized files (Serialized files now loaded: 0)
System memory in use before: 62.6 MB.
System memory in use after: 62.7 MB.

Unloading 10 unused Assets to reduce memory usage. Loaded Objects now: 1692.
Total: 1.876000 ms (FindLiveObjects: 0.243500 ms CreateObjectMapping: 0.042300 ms MarkObjects: 1.518500 ms  DeleteObjects: 0.070000 ms)

========================================================================
Received Prepare
Registering precompiled user dll's ...
Registered in 0.005031 seconds.
Begin MonoManager ReloadAssembly
Native extension for WindowsStandalone target not found
Native extension for WebGL target not found
Refreshing native plugins compatible for Editor in 0.23 ms, found 0 plugins.
Preloading 0 native plugins for Editor in 0.00 ms.
Invoked RoslynAnalysisRunner static constructor.
RoslynAnalysisRunner will not be running.
RoslynAnalysisRunner has terminated.
Mono: successfully reloaded assembly
- Completed reload, in  0.797 seconds
Platform modules already initialized, skipping
Refreshing native plugins compatible for Editor in 0.22 ms, found 0 plugins.
Preloading 0 native plugins for Editor in 0.00 ms.
Unloading 1220 Unused Serialized files (Serialized files now loaded: 0)
System memory in use before: 62.6 MB.
System memory in use after: 62.7 MB.

Unloading 10 unused Assets to reduce memory usage. Loaded Objects now: 1695.
Total: 1.321500 ms (FindLiveObjects: 0.117100 ms CreateObjectMapping: 0.035000 ms MarkObjects: 1.125300 ms  DeleteObjects: 0.043400 ms)

========================================================================
Received Prepare
Registering precompiled user dll's ...
Registered in 0.003020 seconds.
Begin MonoManager ReloadAssembly
Native extension for WindowsStandalone target not found
Native extension for WebGL target not found
Refreshing native plugins compatible for Editor in 0.23 ms, found 0 plugins.
Preloading 0 native plugins for Editor in 0.00 ms.
Invoked RoslynAnalysisRunner static constructor.
RoslynAnalysisRunner will not be running.
RoslynAnalysisRunner has terminated.
Mono: successfully reloaded assembly
- Completed reload, in  0.770 seconds
Platform modules already initialized, skipping
Refreshing native plugins compatible for Editor in 0.22 ms, found 0 plugins.
Preloading 0 native plugins for Editor in 0.00 ms.
Unloading 1220 Unused Serialized files (Serialized files now loaded: 0)
System memory in use before: 62.6 MB.
System memory in use after: 62.7 MB.

Unloading 10 unused Assets to reduce memory usage. Loaded Objects now: 1698.
Total: 1.492800 ms (FindLiveObjects: 0.121300 ms CreateObjectMapping: 0.034100 ms MarkObjects: 1.288900 ms  DeleteObjects: 0.047500 ms)

========================================================================
Received Prepare
Registering precompiled user dll's ...
Registered in 0.002970 seconds.
Begin MonoManager ReloadAssembly
Native extension for WindowsStandalone target not found
Native extension for WebGL target not found
Refreshing native plugins compatible for Editor in 0.30 ms, found 0 plugins.
Preloading 0 native plugins for Editor in 0.00 ms.
Invoked RoslynAnalysisRunner static constructor.
RoslynAnalysisRunner will not be running.
RoslynAnalysisRunner has terminated.
Mono: successfully reloaded assembly
- Completed reload, in  0.773 seconds
Platform modules already initialized, skipping
Refreshing native plugins compatible for Editor in 0.23 ms, found 0 plugins.
Preloading 0 native plugins for Editor in 0.00 ms.
Unloading 1220 Unused Serialized files (Serialized files now loaded: 0)
System memory in use before: 62.7 MB.
System memory in use after: 62.7 MB.

Unloading 10 unused Assets to reduce memory usage. Loaded Objects now: 1701.
Total: 1.393400 ms (FindLiveObjects: 0.120100 ms CreateObjectMapping: 0.040600 ms MarkObjects: 1.186500 ms  DeleteObjects: 0.045200 ms)

========================================================================
Received Prepare
Registering precompiled user dll's ...
Registered in 0.004080 seconds.
Begin MonoManager ReloadAssembly
Native extension for WindowsStandalone target not found
Native extension for WebGL target not found
Refreshing native plugins compatible for Editor in 0.24 ms, found 0 plugins.
Preloading 0 native plugins for Editor in 0.00 ms.
Invoked RoslynAnalysisRunner static constructor.
RoslynAnalysisRunner will not be running.
RoslynAnalysisRunner has terminated.
Mono: successfully reloaded assembly
- Completed reload, in  0.762 seconds
Platform modules already initialized, skipping
Refreshing native plugins compatible for Editor in 0.24 ms, found 0 plugins.
Preloading 0 native plugins for Editor in 0.00 ms.
Unloading 1220 Unused Serialized files (Serialized files now loaded: 0)
System memory in use before: 62.7 MB.
System memory in use after: 62.7 MB.

Unloading 10 unused Assets to reduce memory usage. Loaded Objects now: 1704.
Total: 2.182000 ms (FindLiveObjects: 0.320900 ms CreateObjectMapping: 0.082600 ms MarkObjects: 1.534200 ms  DeleteObjects: 0.242900 ms)

========================================================================
Received Prepare
Refreshing native plugins compatible for Editor in 4.52 ms, found 0 plugins.
Preloading 0 native plugins for Editor in 0.00 ms.
Unloading 8 Unused Serialized files (Serialized files now loaded: 0)
System memory in use before: 38.7 MB.
System memory in use after: 38.7 MB.

Unloading 8 unused Assets to reduce memory usage. Loaded Objects now: 1704.
Total: 1.377900 ms (FindLiveObjects: 0.111400 ms CreateObjectMapping: 0.030600 ms MarkObjects: 1.190000 ms  DeleteObjects: 0.044600 ms)

========================================================================
Received Prepare
Registering precompiled user dll's ...
Registered in 0.003109 seconds.
Begin MonoManager ReloadAssembly
Native extension for WindowsStandalone target not found
Native extension for WebGL target not found
Refreshing native plugins compatible for Editor in 0.25 ms, found 0 plugins.
Preloading 0 native plugins for Editor in 0.00 ms.
Invoked RoslynAnalysisRunner static constructor.
RoslynAnalysisRunner will not be running.
RoslynAnalysisRunner has terminated.
Mono: successfully reloaded assembly
- Completed reload, in  0.819 seconds
Platform modules already initialized, skipping
Refreshing native plugins compatible for Editor in 0.22 ms, found 0 plugins.
Preloading 0 native plugins for Editor in 0.00 ms.
Unloading 1220 Unused Serialized files (Serialized files now loaded: 0)
System memory in use before: 62.7 MB.
System memory in use after: 62.7 MB.

Unloading 10 unused Assets to reduce memory usage. Loaded Objects now: 1707.
Total: 1.530700 ms (FindLiveObjects: 0.129100 ms CreateObjectMapping: 0.037000 ms MarkObjects: 1.313500 ms  DeleteObjects: 0.050000 ms)

========================================================================
Received Prepare
Refreshing native plugins compatible for Editor in 2.66 ms, found 0 plugins.
Preloading 0 native plugins for Editor in 0.00 ms.
Unloading 8 Unused Serialized files (Serialized files now loaded: 0)
System memory in use before: 38.7 MB.
System memory in use after: 38.8 MB.

Unloading 8 unused Assets to reduce memory usage. Loaded Objects now: 1707.
Total: 1.359600 ms (FindLiveObjects: 0.114100 ms CreateObjectMapping: 0.032800 ms MarkObjects: 1.167000 ms  DeleteObjects: 0.044600 ms)

========================================================================
Received Prepare
Registering precompiled user dll's ...
Registered in 0.005101 seconds.
Begin MonoManager ReloadAssembly
Native extension for WindowsStandalone target not found
Native extension for WebGL target not found
Refreshing native plugins compatible for Editor in 0.23 ms, found 0 plugins.
Preloading 0 native plugins for Editor in 0.00 ms.
Invoked RoslynAnalysisRunner static constructor.
RoslynAnalysisRunner will not be running.
RoslynAnalysisRunner has terminated.
Mono: successfully reloaded assembly
- Completed reload, in  0.777 seconds
Platform modules already initialized, skipping
Refreshing native plugins compatible for Editor in 0.22 ms, found 0 plugins.
Preloading 0 native plugins for Editor in 0.00 ms.
Unloading 1220 Unused Serialized files (Serialized files now loaded: 0)
System memory in use before: 62.7 MB.
System memory in use after: 62.8 MB.

Unloading 10 unused Assets to reduce memory usage. Loaded Objects now: 1710.
Total: 1.607900 ms (FindLiveObjects: 0.126700 ms CreateObjectMapping: 0.037300 ms MarkObjects: 1.393400 ms  DeleteObjects: 0.049800 ms)

========================================================================
Received Import Request.
  Time since last request: 1471.273275 seconds.
  path: Assets/Scripts/MatchManager.cs
  artifactKey: Guid(49d72c329502307409c16ec27e455fc3) Importer(815301076,1909f56bfc062723c751e8b465ee728b)
Start importing Assets/Scripts/MatchManager.cs using Guid(49d72c329502307409c16ec27e455fc3) Importer(815301076,1909f56bfc062723c751e8b465ee728b)  -> (artifact id: 'cb7bf9f5c1f639010f4a32c6022e55f6') in 0.052830 seconds
  Import took 0.054731 seconds .

========================================================================
Received Prepare
Registering precompiled user dll's ...
Registered in 0.004312 seconds.
Begin MonoManager ReloadAssembly
Native extension for WindowsStandalone target not found
Native extension for WebGL target not found
Refreshing native plugins compatible for Editor in 0.22 ms, found 0 plugins.
Preloading 0 native plugins for Editor in 0.00 ms.
Invoked RoslynAnalysisRunner static constructor.
RoslynAnalysisRunner will not be running.
RoslynAnalysisRunner has terminated.
Mono: successfully reloaded assembly
- Completed reload, in  0.774 seconds
Platform modules already initialized, skipping
Refreshing native plugins compatible for Editor in 0.24 ms, found 0 plugins.
Preloading 0 native plugins for Editor in 0.00 ms.
Unloading 1220 Unused Serialized files (Serialized files now loaded: 0)
System memory in use before: 62.7 MB.
System memory in use after: 62.8 MB.

Unloading 10 unused Assets to reduce memory usage. Loaded Objects now: 1713.
Total: 1.781400 ms (FindLiveObjects: 0.129900 ms CreateObjectMapping: 0.041200 ms MarkObjects: 1.556000 ms  DeleteObjects: 0.052900 ms)

========================================================================
Received Import Request.
  Time since last request: 590.687161 seconds.
  path: Assets/Scripts/MatchManager.cs
  artifactKey: Guid(49d72c329502307409c16ec27e455fc3) Importer(815301076,1909f56bfc062723c751e8b465ee728b)
Start importing Assets/Scripts/MatchManager.cs using Guid(49d72c329502307409c16ec27e455fc3) Importer(815301076,1909f56bfc062723c751e8b465ee728b)  -> (artifact id: '464f8bc6372987f558639a32dcfc8e39') in 0.004927 seconds
  Import took 0.026037 seconds .

========================================================================
Received Prepare
Registering precompiled user dll's ...
Registered in 0.003406 seconds.
Begin MonoManager ReloadAssembly
Native extension for WindowsStandalone target not found
Native extension for WebGL target not found
Refreshing native plugins compatible for Editor in 0.22 ms, found 0 plugins.
Preloading 0 native plugins for Editor in 0.00 ms.
Invoked RoslynAnalysisRunner static constructor.
RoslynAnalysisRunner will not be running.
RoslynAnalysisRunner has terminated.
Mono: successfully reloaded assembly
- Completed reload, in  0.746 seconds
Platform modules already initialized, skipping
Refreshing native plugins compatible for Editor in 0.23 ms, found 0 plugins.
Preloading 0 native plugins for Editor in 0.00 ms.
Unloading 1220 Unused Serialized files (Serialized files now loaded: 0)
System memory in use before: 62.7 MB.
System memory in use after: 62.8 MB.

Unloading 10 unused Assets to reduce memory usage. Loaded Objects now: 1716.
Total: 1.922300 ms (FindLiveObjects: 0.280000 ms CreateObjectMapping: 0.139600 ms MarkObjects: 1.451100 ms  DeleteObjects: 0.050100 ms)

========================================================================
Received Prepare
Refreshing native plugins compatible for Editor in 2.12 ms, found 0 plugins.
Preloading 0 native plugins for Editor in 0.00 ms.
Unloading 8 Unused Serialized files (Serialized files now loaded: 0)
System memory in use before: 38.7 MB.
System memory in use after: 38.8 MB.

Unloading 8 unused Assets to reduce memory usage. Loaded Objects now: 1716.
Total: 1.318000 ms (FindLiveObjects: 0.114700 ms CreateObjectMapping: 0.032200 ms MarkObjects: 1.122900 ms  DeleteObjects: 0.045800 ms)

========================================================================
Received Prepare
Registering precompiled user dll's ...
Registered in 0.003230 seconds.
Begin MonoManager ReloadAssembly
Native extension for WindowsStandalone target not found
Native extension for WebGL target not found
Refreshing native plugins compatible for Editor in 0.22 ms, found 0 plugins.
Preloading 0 native plugins for Editor in 0.00 ms.
Invoked RoslynAnalysisRunner static constructor.
RoslynAnalysisRunner will not be running.
RoslynAnalysisRunner has terminated.
Mono: successfully reloaded assembly
- Completed reload, in  1.256 seconds
Platform modules already initialized, skipping
Refreshing native plugins compatible for Editor in 0.22 ms, found 0 plugins.
Preloading 0 native plugins for Editor in 0.00 ms.
Unloading 1220 Unused Serialized files (Serialized files now loaded: 0)
System memory in use before: 62.7 MB.
System memory in use after: 62.8 MB.

Unloading 10 unused Assets to reduce memory usage. Loaded Objects now: 1719.
Total: 1.806300 ms (FindLiveObjects: 0.243700 ms CreateObjectMapping: 0.048300 ms MarkObjects: 1.429200 ms  DeleteObjects: 0.083600 ms)

========================================================================
Received Prepare
Registering precompiled user dll's ...
Registered in 0.002782 seconds.
Begin MonoManager ReloadAssembly
Native extension for WindowsStandalone target not found
Native extension for WebGL target not found
Refreshing native plugins compatible for Editor in 0.33 ms, found 0 plugins.
Preloading 0 native plugins for Editor in 0.00 ms.
Invoked RoslynAnalysisRunner static constructor.
RoslynAnalysisRunner will not be running.
RoslynAnalysisRunner has terminated.
Mono: successfully reloaded assembly
- Completed reload, in  0.816 seconds
Platform modules already initialized, skipping
Refreshing native plugins compatible for Editor in 0.23 ms, found 0 plugins.
Preloading 0 native plugins for Editor in 0.00 ms.
Unloading 1220 Unused Serialized files (Serialized files now loaded: 0)
System memory in use before: 62.7 MB.
System memory in use after: 62.8 MB.

Unloading 10 unused Assets to reduce memory usage. Loaded Objects now: 1722.
Total: 1.392800 ms (FindLiveObjects: 0.122400 ms CreateObjectMapping: 0.038500 ms MarkObjects: 1.189500 ms  DeleteObjects: 0.041700 ms)

========================================================================
Received Prepare
Registering precompiled user dll's ...
Registered in 0.002654 seconds.
Begin MonoManager ReloadAssembly
Native extension for WindowsStandalone target not found
Native extension for WebGL target not found
Refreshing native plugins compatible for Editor in 0.23 ms, found 0 plugins.
Preloading 0 native plugins for Editor in 0.00 ms.
Invoked RoslynAnalysisRunner static constructor.
RoslynAnalysisRunner will not be running.
RoslynAnalysisRunner has terminated.
Mono: successfully reloaded assembly
- Completed reload, in  0.776 seconds
Platform modules already initialized, skipping
Refreshing native plugins compatible for Editor in 0.21 ms, found 0 plugins.
Preloading 0 native plugins for Editor in 0.00 ms.
Unloading 1220 Unused Serialized files (Serialized files now loaded: 0)
System memory in use before: 62.7 MB.
System memory in use after: 62.8 MB.

Unloading 10 unused Assets to reduce memory usage. Loaded Objects now: 1725.
Total: 2.123200 ms (FindLiveObjects: 0.123400 ms CreateObjectMapping: 0.035300 ms MarkObjects: 1.907600 ms  DeleteObjects: 0.055800 ms)

========================================================================
Received Prepare
Refreshing native plugins compatible for Editor in 4.04 ms, found 0 plugins.
Preloading 0 native plugins for Editor in 0.00 ms.
Unloading 8 Unused Serialized files (Serialized files now loaded: 0)
System memory in use before: 38.7 MB.
System memory in use after: 38.8 MB.

Unloading 8 unused Assets to reduce memory usage. Loaded Objects now: 1725.
Total: 1.548000 ms (FindLiveObjects: 0.116000 ms CreateObjectMapping: 0.033900 ms MarkObjects: 1.352700 ms  DeleteObjects: 0.044100 ms)

========================================================================
Received Prepare
Registering precompiled user dll's ...
Registered in 0.002854 seconds.
Begin MonoManager ReloadAssembly
Native extension for WindowsStandalone target not found
Native extension for WebGL target not found
Refreshing native plugins compatible for Editor in 0.22 ms, found 0 plugins.
Preloading 0 native plugins for Editor in 0.00 ms.
Invoked RoslynAnalysisRunner static constructor.
RoslynAnalysisRunner will not be running.
RoslynAnalysisRunner has terminated.
Mono: successfully reloaded assembly
- Completed reload, in  0.825 seconds
Platform modules already initialized, skipping
Refreshing native plugins compatible for Editor in 0.23 ms, found 0 plugins.
Preloading 0 native plugins for Editor in 0.00 ms.
Unloading 1220 Unused Serialized files (Serialized files now loaded: 0)
System memory in use before: 62.7 MB.
System memory in use after: 62.8 MB.

Unloading 10 unused Assets to reduce memory usage. Loaded Objects now: 1728.
Total: 1.533500 ms (FindLiveObjects: 0.151700 ms CreateObjectMapping: 0.060000 ms MarkObjects: 1.271100 ms  DeleteObjects: 0.049900 ms)

========================================================================
Received Prepare
Registering precompiled user dll's ...
Registered in 0.003462 seconds.
Begin MonoManager ReloadAssembly
Native extension for WindowsStandalone target not found
Native extension for WebGL target not found
Refreshing native plugins compatible for Editor in 0.22 ms, found 0 plugins.
Preloading 0 native plugins for Editor in 0.00 ms.
Invoked RoslynAnalysisRunner static constructor.
RoslynAnalysisRunner will not be running.
RoslynAnalysisRunner has terminated.
Mono: successfully reloaded assembly
- Completed reload, in  0.795 seconds
Platform modules already initialized, skipping
Refreshing native plugins compatible for Editor in 0.22 ms, found 0 plugins.
Preloading 0 native plugins for Editor in 0.00 ms.
Unloading 1220 Unused Serialized files (Serialized files now loaded: 0)
System memory in use before: 62.7 MB.
System memory in use after: 62.8 MB.

Unloading 10 unused Assets to reduce memory usage. Loaded Objects now: 1731.
Total: 1.392400 ms (FindLiveObjects: 0.111200 ms CreateObjectMapping: 0.029900 ms MarkObjects: 1.207000 ms  DeleteObjects: 0.043300 ms)

========================================================================
Received Prepare
Registering precompiled user dll's ...
Registered in 0.002691 seconds.
Begin MonoManager ReloadAssembly
Native extension for WindowsStandalone target not found
Native extension for WebGL target not found
Refreshing native plugins compatible for Editor in 0.24 ms, found 0 plugins.
Preloading 0 native plugins for Editor in 0.00 ms.
Invoked RoslynAnalysisRunner static constructor.
RoslynAnalysisRunner will not be running.
RoslynAnalysisRunner has terminated.
Mono: successfully reloaded assembly
- Completed reload, in  0.796 seconds
Platform modules already initialized, skipping
Refreshing native plugins compatible for Editor in 0.22 ms, found 0 plugins.
Preloading 0 native plugins for Editor in 0.00 ms.
Unloading 1220 Unused Serialized files (Serialized files now loaded: 0)
System memory in use before: 62.7 MB.
System memory in use after: 62.8 MB.

Unloading 10 unused Assets to reduce memory usage. Loaded Objects now: 1734.
Total: 1.455100 ms (FindLiveObjects: 0.140000 ms CreateObjectMapping: 0.054900 ms MarkObjects: 1.208700 ms  DeleteObjects: 0.050200 ms)

========================================================================
Received Prepare
Registering precompiled user dll's ...
Registered in 0.005161 seconds.
Begin MonoManager ReloadAssembly
Native extension for WindowsStandalone target not found
Native extension for WebGL target not found
Refreshing native plugins compatible for Editor in 0.23 ms, found 0 plugins.
Preloading 0 native plugins for Editor in 0.00 ms.
Invoked RoslynAnalysisRunner static constructor.
RoslynAnalysisRunner will not be running.
RoslynAnalysisRunner has terminated.
Mono: successfully reloaded assembly
- Completed reload, in  0.746 seconds
Platform modules already initialized, skipping
Refreshing native plugins compatible for Editor in 0.22 ms, found 0 plugins.
Preloading 0 native plugins for Editor in 0.00 ms.
Unloading 1220 Unused Serialized files (Serialized files now loaded: 0)
System memory in use before: 62.7 MB.
System memory in use after: 62.8 MB.

Unloading 10 unused Assets to reduce memory usage. Loaded Objects now: 1737.
Total: 1.461600 ms (FindLiveObjects: 0.116500 ms CreateObjectMapping: 0.032800 ms MarkObjects: 1.268400 ms  DeleteObjects: 0.043000 ms)

========================================================================
Received Prepare
Refreshing native plugins compatible for Editor in 2.62 ms, found 0 plugins.
Preloading 0 native plugins for Editor in 0.00 ms.
Unloading 8 Unused Serialized files (Serialized files now loaded: 0)
System memory in use before: 38.7 MB.
System memory in use after: 38.8 MB.

Unloading 8 unused Assets to reduce memory usage. Loaded Objects now: 1737.
Total: 2.266100 ms (FindLiveObjects: 0.172800 ms CreateObjectMapping: 0.053700 ms MarkObjects: 1.995300 ms  DeleteObjects: 0.042900 ms)

========================================================================
Received Prepare
Registering precompiled user dll's ...
Registered in 0.002690 seconds.
Begin MonoManager ReloadAssembly
Native extension for WindowsStandalone target not found
Native extension for WebGL target not found
Refreshing native plugins compatible for Editor in 0.22 ms, found 0 plugins.
Preloading 0 native plugins for Editor in 0.00 ms.
Invoked RoslynAnalysisRunner static constructor.
RoslynAnalysisRunner will not be running.
RoslynAnalysisRunner has terminated.
Mono: successfully reloaded assembly
- Completed reload, in  0.783 seconds
Platform modules already initialized, skipping
Refreshing native plugins compatible for Editor in 0.22 ms, found 0 plugins.
Preloading 0 native plugins for Editor in 0.00 ms.
Unloading 1220 Unused Serialized files (Serialized files now loaded: 0)
System memory in use before: 62.7 MB.
System memory in use after: 62.8 MB.

Unloading 10 unused Assets to reduce memory usage. Loaded Objects now: 1740.
Total: 1.619800 ms (FindLiveObjects: 0.134500 ms CreateObjectMapping: 0.037200 ms MarkObjects: 1.391300 ms  DeleteObjects: 0.055400 ms)

========================================================================
Received Prepare
Registering precompiled user dll's ...
Registered in 0.003162 seconds.
Begin MonoManager ReloadAssembly
Native extension for WindowsStandalone target not found
Native extension for WebGL target not found
Refreshing native plugins compatible for Editor in 0.28 ms, found 0 plugins.
Preloading 0 native plugins for Editor in 0.00 ms.
Invoked RoslynAnalysisRunner static constructor.
RoslynAnalysisRunner will not be running.
RoslynAnalysisRunner has terminated.
Mono: successfully reloaded assembly
- Completed reload, in  0.774 seconds
Platform modules already initialized, skipping
Refreshing native plugins compatible for Editor in 0.24 ms, found 0 plugins.
Preloading 0 native plugins for Editor in 0.00 ms.
Unloading 1220 Unused Serialized files (Serialized files now loaded: 0)
System memory in use before: 62.8 MB.
System memory in use after: 62.8 MB.

Unloading 10 unused Assets to reduce memory usage. Loaded Objects now: 1743.
Total: 1.423700 ms (FindLiveObjects: 0.114000 ms CreateObjectMapping: 0.030900 ms MarkObjects: 1.233600 ms  DeleteObjects: 0.044400 ms)

========================================================================
Received Prepare
Refreshing native plugins compatible for Editor in 1.96 ms, found 0 plugins.
Preloading 0 native plugins for Editor in 0.00 ms.
Unloading 8 Unused Serialized files (Serialized files now loaded: 0)
System memory in use before: 38.7 MB.
System memory in use after: 38.8 MB.

Unloading 8 unused Assets to reduce memory usage. Loaded Objects now: 1743.
Total: 1.672600 ms (FindLiveObjects: 0.123400 ms CreateObjectMapping: 0.034400 ms MarkObjects: 1.465100 ms  DeleteObjects: 0.048600 ms)

========================================================================
Received Prepare
Refreshing native plugins compatible for Editor in 2.00 ms, found 0 plugins.
Preloading 0 native plugins for Editor in 0.00 ms.
Unloading 8 Unused Serialized files (Serialized files now loaded: 0)
System memory in use before: 38.7 MB.
System memory in use after: 38.8 MB.

Unloading 8 unused Assets to reduce memory usage. Loaded Objects now: 1743.
Total: 1.496700 ms (FindLiveObjects: 0.114800 ms CreateObjectMapping: 0.031500 ms MarkObjects: 1.308400 ms  DeleteObjects: 0.041000 ms)

========================================================================
Received Prepare
Refreshing native plugins compatible for Editor in 2.10 ms, found 0 plugins.
Preloading 0 native plugins for Editor in 0.00 ms.
Unloading 8 Unused Serialized files (Serialized files now loaded: 0)
System memory in use before: 38.7 MB.
System memory in use after: 38.8 MB.

Unloading 8 unused Assets to reduce memory usage. Loaded Objects now: 1743.
Total: 1.628000 ms (FindLiveObjects: 0.124700 ms CreateObjectMapping: 0.035700 ms MarkObjects: 1.422200 ms  DeleteObjects: 0.044500 ms)

========================================================================
Received Prepare
Registering precompiled user dll's ...
Registered in 0.005240 seconds.
Begin MonoManager ReloadAssembly
Native extension for WindowsStandalone target not found
Native extension for WebGL target not found
Refreshing native plugins compatible for Editor in 0.26 ms, found 0 plugins.
Preloading 0 native plugins for Editor in 0.00 ms.
Invoked RoslynAnalysisRunner static constructor.
RoslynAnalysisRunner will not be running.
RoslynAnalysisRunner has terminated.
Mono: successfully reloaded assembly
- Completed reload, in  0.810 seconds
Platform modules already initialized, skipping
Refreshing native plugins compatible for Editor in 0.24 ms, found 0 plugins.
Preloading 0 native plugins for Editor in 0.00 ms.
Unloading 1220 Unused Serialized files (Serialized files now loaded: 0)
System memory in use before: 62.8 MB.
System memory in use after: 62.8 MB.

Unloading 10 unused Assets to reduce memory usage. Loaded Objects now: 1746.
Total: 1.327100 ms (FindLiveObjects: 0.125600 ms CreateObjectMapping: 0.035400 ms MarkObjects: 1.121200 ms  DeleteObjects: 0.044200 ms)

========================================================================
Received Prepare
Registering precompiled user dll's ...
Registered in 0.003055 seconds.
Begin MonoManager ReloadAssembly
Native extension for WindowsStandalone target not found
Native extension for WebGL target not found
Refreshing native plugins compatible for Editor in 0.23 ms, found 0 plugins.
Preloading 0 native plugins for Editor in 0.00 ms.
Invoked RoslynAnalysisRunner static constructor.
RoslynAnalysisRunner will not be running.
RoslynAnalysisRunner has terminated.
Mono: successfully reloaded assembly
- Completed reload, in  0.770 seconds
Platform modules already initialized, skipping
Refreshing native plugins compatible for Editor in 0.23 ms, found 0 plugins.
Preloading 0 native plugins for Editor in 0.00 ms.
Unloading 1220 Unused Serialized files (Serialized files now loaded: 0)
System memory in use before: 62.8 MB.
System memory in use after: 62.8 MB.

Unloading 10 unused Assets to reduce memory usage. Loaded Objects now: 1749.
Total: 1.569900 ms (FindLiveObjects: 0.149200 ms CreateObjectMapping: 0.037000 ms MarkObjects: 1.334300 ms  DeleteObjects: 0.048300 ms)

========================================================================
Received Prepare
Registering precompiled user dll's ...
Registered in 0.002780 seconds.
Begin MonoManager ReloadAssembly
Native extension for WindowsStandalone target not found
Native extension for WebGL target not found
Refreshing native plugins compatible for Editor in 0.22 ms, found 0 plugins.
Preloading 0 native plugins for Editor in 0.00 ms.
Invoked RoslynAnalysisRunner static constructor.
RoslynAnalysisRunner will not be running.
RoslynAnalysisRunner has terminated.
Mono: successfully reloaded assembly
- Completed reload, in  0.762 seconds
Platform modules already initialized, skipping
Refreshing native plugins compatible for Editor in 0.23 ms, found 0 plugins.
Preloading 0 native plugins for Editor in 0.00 ms.
Unloading 1220 Unused Serialized files (Serialized files now loaded: 0)
System memory in use before: 62.8 MB.
System memory in use after: 62.9 MB.

Unloading 10 unused Assets to reduce memory usage. Loaded Objects now: 1752.
Total: 1.480400 ms (FindLiveObjects: 0.132600 ms CreateObjectMapping: 0.035900 ms MarkObjects: 1.264200 ms  DeleteObjects: 0.046600 ms)

========================================================================
Received Import Request.
  Time since last request: 1531.783103 seconds.
  path: Assets/Scripts/Launcher.cs
  artifactKey: Guid(54f582f4b1f64de4b87368e80b65e158) Importer(815301076,1909f56bfc062723c751e8b465ee728b)
Start importing Assets/Scripts/Launcher.cs using Guid(54f582f4b1f64de4b87368e80b65e158) Importer(815301076,1909f56bfc062723c751e8b465ee728b)  -> (artifact id: '14783c22fe15bd3eec05690e3eac9c8e') in 0.009721 seconds
  Import took 0.033900 seconds .

========================================================================
Received Import Request.
  Time since last request: 0.008883 seconds.
  path: Assets/Scripts/Launcher.cs
  artifactKey: Guid(54f582f4b1f64de4b87368e80b65e158) Importer(815301076,1909f56bfc062723c751e8b465ee728b)
Start importing Assets/Scripts/Launcher.cs using Guid(54f582f4b1f64de4b87368e80b65e158) Importer(815301076,1909f56bfc062723c751e8b465ee728b)  -> (artifact id: '14783c22fe15bd3eec05690e3eac9c8e') in 0.004335 seconds
  Import took 0.006076 seconds .

========================================================================
Received Prepare
Registering precompiled user dll's ...
Registered in 0.007315 seconds.
Begin MonoManager ReloadAssembly
Native extension for WindowsStandalone target not found
Native extension for WebGL target not found
Refreshing native plugins compatible for Editor in 0.22 ms, found 0 plugins.
Preloading 0 native plugins for Editor in 0.00 ms.
Invoked RoslynAnalysisRunner static constructor.
RoslynAnalysisRunner will not be running.
RoslynAnalysisRunner has terminated.
Mono: successfully reloaded assembly
- Completed reload, in  0.783 seconds
Platform modules already initialized, skipping
Refreshing native plugins compatible for Editor in 0.22 ms, found 0 plugins.
Preloading 0 native plugins for Editor in 0.00 ms.
Unloading 1220 Unused Serialized files (Serialized files now loaded: 0)
System memory in use before: 62.8 MB.
System memory in use after: 62.9 MB.

Unloading 10 unused Assets to reduce memory usage. Loaded Objects now: 1755.
Total: 1.514400 ms (FindLiveObjects: 0.124800 ms CreateObjectMapping: 0.034300 ms MarkObjects: 1.304700 ms  DeleteObjects: 0.049500 ms)

========================================================================
Received Import Request.
  Time since last request: 35.070218 seconds.
  path: Assets/Scripts/Launcher.cs
  artifactKey: Guid(54f582f4b1f64de4b87368e80b65e158) Importer(815301076,1909f56bfc062723c751e8b465ee728b)
Start importing Assets/Scripts/Launcher.cs using Guid(54f582f4b1f64de4b87368e80b65e158) Importer(815301076,1909f56bfc062723c751e8b465ee728b)  -> (artifact id: '747ec00af80e2a7ecd8eb423da15ade2') in 0.005463 seconds
  Import took 0.055913 seconds .

========================================================================
Received Prepare
Registering precompiled user dll's ...
Registered in 0.002897 seconds.
Begin MonoManager ReloadAssembly
Native extension for WindowsStandalone target not found
Native extension for WebGL target not found
Refreshing native plugins compatible for Editor in 0.22 ms, found 0 plugins.
Preloading 0 native plugins for Editor in 0.00 ms.
Invoked RoslynAnalysisRunner static constructor.
RoslynAnalysisRunner will not be running.
RoslynAnalysisRunner has terminated.
Mono: successfully reloaded assembly
- Completed reload, in  0.769 seconds
Platform modules already initialized, skipping
Refreshing native plugins compatible for Editor in 0.21 ms, found 0 plugins.
Preloading 0 native plugins for Editor in 0.00 ms.
Unloading 1220 Unused Serialized files (Serialized files now loaded: 0)
System memory in use before: 62.8 MB.
System memory in use after: 62.9 MB.

Unloading 10 unused Assets to reduce memory usage. Loaded Objects now: 1758.
Total: 1.529100 ms (FindLiveObjects: 0.114200 ms CreateObjectMapping: 0.031700 ms MarkObjects: 1.338100 ms  DeleteObjects: 0.044300 ms)

========================================================================
Received Import Request.
  Time since last request: 16.657324 seconds.
  path: Assets/Scenes/Main Menu.unity
  artifactKey: Guid(add7087a7cebfd94e992b4a502c859ec) Importer(815301076,1909f56bfc062723c751e8b465ee728b)
Start importing Assets/Scenes/Main Menu.unity using Guid(add7087a7cebfd94e992b4a502c859ec) Importer(815301076,1909f56bfc062723c751e8b465ee728b)  -> (artifact id: 'd7ffb9668c2b61ee6e1785f133cf99a8') in 0.018016 seconds
  Import took 0.041405 seconds .

========================================================================
Received Prepare
Registering precompiled user dll's ...
Registered in 0.003370 seconds.
Begin MonoManager ReloadAssembly
Native extension for WindowsStandalone target not found
Native extension for WebGL target not found
Refreshing native plugins compatible for Editor in 0.29 ms, found 0 plugins.
Preloading 0 native plugins for Editor in 0.00 ms.
Invoked RoslynAnalysisRunner static constructor.
RoslynAnalysisRunner will not be running.
RoslynAnalysisRunner has terminated.
Mono: successfully reloaded assembly
- Completed reload, in  0.767 seconds
Platform modules already initialized, skipping
Refreshing native plugins compatible for Editor in 0.26 ms, found 0 plugins.
Preloading 0 native plugins for Editor in 0.00 ms.
Unloading 1220 Unused Serialized files (Serialized files now loaded: 0)
System memory in use before: 62.8 MB.
System memory in use after: 62.9 MB.

Unloading 10 unused Assets to reduce memory usage. Loaded Objects now: 1761.
Total: 1.480500 ms (FindLiveObjects: 0.113100 ms CreateObjectMapping: 0.031800 ms MarkObjects: 1.287600 ms  DeleteObjects: 0.047200 ms)

========================================================================
Received Import Request.
  Time since last request: 177.826202 seconds.
  path: Assets/_Udemy Online Game Assets/Models/Kenney Animated Character 2/Skins
  artifactKey: Guid(35b88df3827f30140b2c3955278ba8b3) Importer(815301076,1909f56bfc062723c751e8b465ee728b)
Start importing Assets/_Udemy Online Game Assets/Models/Kenney Animated Character 2/Skins using Guid(35b88df3827f30140b2c3955278ba8b3) Importer(815301076,1909f56bfc062723c751e8b465ee728b)  -> (artifact id: 'e78636d6d092a3f1a810a61e4ddf4e8b') in 0.011969 seconds
  Import took 0.048409 seconds .

========================================================================
Received Import Request.
  Time since last request: 128.941634 seconds.
  path: Assets/Scripts/PlayerController.cs
  artifactKey: Guid(9bcd1d5ccc3597e4fb057b2ea57df856) Importer(815301076,1909f56bfc062723c751e8b465ee728b)
Start importing Assets/Scripts/PlayerController.cs using Guid(9bcd1d5ccc3597e4fb057b2ea57df856) Importer(815301076,1909f56bfc062723c751e8b465ee728b)  -> (artifact id: '7850fbaaf99133938e4b06805fe13a62') in 0.004915 seconds
  Import took 0.031320 seconds .

========================================================================
Received Import Request.
  Time since last request: 0.014952 seconds.
  path: Assets/Scripts/PlayerController.cs
  artifactKey: Guid(9bcd1d5ccc3597e4fb057b2ea57df856) Importer(815301076,1909f56bfc062723c751e8b465ee728b)
Start importing Assets/Scripts/PlayerController.cs using Guid(9bcd1d5ccc3597e4fb057b2ea57df856) Importer(815301076,1909f56bfc062723c751e8b465ee728b)  -> (artifact id: '7850fbaaf99133938e4b06805fe13a62') in 0.007882 seconds
  Import took 0.009658 seconds .

========================================================================
Received Prepare
Registering precompiled user dll's ...
Registered in 0.002821 seconds.
Begin MonoManager ReloadAssembly
Native extension for WindowsStandalone target not found
Native extension for WebGL target not found
Refreshing native plugins compatible for Editor in 0.22 ms, found 0 plugins.
Preloading 0 native plugins for Editor in 0.00 ms.
Invoked RoslynAnalysisRunner static constructor.
RoslynAnalysisRunner will not be running.
RoslynAnalysisRunner has terminated.
Mono: successfully reloaded assembly
- Completed reload, in  0.793 seconds
Platform modules already initialized, skipping
Refreshing native plugins compatible for Editor in 0.22 ms, found 0 plugins.
Preloading 0 native plugins for Editor in 0.00 ms.
Unloading 1220 Unused Serialized files (Serialized files now loaded: 0)
System memory in use before: 62.8 MB.
System memory in use after: 62.9 MB.

Unloading 10 unused Assets to reduce memory usage. Loaded Objects now: 1764.
Total: 1.676900 ms (FindLiveObjects: 0.130400 ms CreateObjectMapping: 0.037400 ms MarkObjects: 1.454400 ms  DeleteObjects: 0.053600 ms)

========================================================================
Received Import Request.
  Time since last request: 26.008049 seconds.
  path: Assets/Scripts/PlayerController.cs
  artifactKey: Guid(9bcd1d5ccc3597e4fb057b2ea57df856) Importer(815301076,1909f56bfc062723c751e8b465ee728b)
Start importing Assets/Scripts/PlayerController.cs using Guid(9bcd1d5ccc3597e4fb057b2ea57df856) Importer(815301076,1909f56bfc062723c751e8b465ee728b)  -> (artifact id: '23337f96d7cce17c108f5f235d25939a') in 0.005278 seconds
  Import took 0.008019 seconds .

========================================================================
Received Import Request.
  Time since last request: 0.881830 seconds.
  path: Assets/Resources/Player.prefab
  artifactKey: Guid(d6897370ea62acf4ca37e292a4c2d047) Importer(815301076,1909f56bfc062723c751e8b465ee728b)
Start importing Assets/Resources/Player.prefab using Guid(d6897370ea62acf4ca37e292a4c2d047) Importer(815301076,1909f56bfc062723c751e8b465ee728b)  -> (artifact id: 'ccda981ed837ab3d17d02b0f76cd82ba') in 0.313196 seconds
  Import took 0.339798 seconds .

========================================================================
Received Import Request.
  Time since last request: 16.445138 seconds.
  path: Assets/Resources/Player.prefab
  artifactKey: Guid(d6897370ea62acf4ca37e292a4c2d047) Importer(815301076,1909f56bfc062723c751e8b465ee728b)
Start importing Assets/Resources/Player.prefab using Guid(d6897370ea62acf4ca37e292a4c2d047) Importer(815301076,1909f56bfc062723c751e8b465ee728b)  -> (artifact id: '1125f43d0c3107b00f92fdd835bd8d22') in 0.063938 seconds
  Import took 0.067451 seconds .

========================================================================
Received Prepare
Registering precompiled user dll's ...
Registered in 0.003097 seconds.
Begin MonoManager ReloadAssembly
Native extension for WindowsStandalone target not found
Native extension for WebGL target not found
Refreshing native plugins compatible for Editor in 0.22 ms, found 0 plugins.
Preloading 0 native plugins for Editor in 0.00 ms.
Invoked RoslynAnalysisRunner static constructor.
RoslynAnalysisRunner will not be running.
RoslynAnalysisRunner has terminated.
Mono: successfully reloaded assembly
- Completed reload, in  0.796 seconds
Platform modules already initialized, skipping
Refreshing native plugins compatible for Editor in 0.22 ms, found 0 plugins.
Preloading 0 native plugins for Editor in 0.00 ms.
Unloading 1220 Unused Serialized files (Serialized files now loaded: 0)
System memory in use before: 80.1 MB.
System memory in use after: 80.2 MB.

Unloading 10 unused Assets to reduce memory usage. Loaded Objects now: 1779.
Total: 1.886000 ms (FindLiveObjects: 0.119400 ms CreateObjectMapping: 0.031600 ms MarkObjects: 1.653900 ms  DeleteObjects: 0.079400 ms)

========================================================================
Received Prepare
Refreshing native plugins compatible for Editor in 2.20 ms, found 0 plugins.
Preloading 0 native plugins for Editor in 0.00 ms.
Unloading 8 Unused Serialized files (Serialized files now loaded: 0)
System memory in use before: 56.1 MB.
System memory in use after: 56.2 MB.

Unloading 8 unused Assets to reduce memory usage. Loaded Objects now: 1779.
Total: 1.611600 ms (FindLiveObjects: 0.127400 ms CreateObjectMapping: 0.037200 ms MarkObjects: 1.397700 ms  DeleteObjects: 0.047900 ms)

========================================================================
Received Prepare
Registering precompiled user dll's ...
Registered in 0.002858 seconds.
Begin MonoManager ReloadAssembly
Native extension for WindowsStandalone target not found
Native extension for WebGL target not found
Refreshing native plugins compatible for Editor in 0.24 ms, found 0 plugins.
Preloading 0 native plugins for Editor in 0.00 ms.
Invoked RoslynAnalysisRunner static constructor.
RoslynAnalysisRunner will not be running.
RoslynAnalysisRunner has terminated.
Mono: successfully reloaded assembly
- Completed reload, in  1.107 seconds
Platform modules already initialized, skipping
Refreshing native plugins compatible for Editor in 0.22 ms, found 0 plugins.
Preloading 0 native plugins for Editor in 0.00 ms.
Unloading 1220 Unused Serialized files (Serialized files now loaded: 0)
System memory in use before: 80.1 MB.
System memory in use after: 80.2 MB.

Unloading 10 unused Assets to reduce memory usage. Loaded Objects now: 1782.
Total: 1.525000 ms (FindLiveObjects: 0.135900 ms CreateObjectMapping: 0.037900 ms MarkObjects: 1.277600 ms  DeleteObjects: 0.072300 ms)

========================================================================
Received Prepare
Registering precompiled user dll's ...
Registered in 0.003011 seconds.
Begin MonoManager ReloadAssembly
Native extension for WindowsStandalone target not found
Native extension for WebGL target not found
Refreshing native plugins compatible for Editor in 0.23 ms, found 0 plugins.
Preloading 0 native plugins for Editor in 0.00 ms.
Invoked RoslynAnalysisRunner static constructor.
RoslynAnalysisRunner will not be running.
RoslynAnalysisRunner has terminated.
Mono: successfully reloaded assembly
- Completed reload, in  0.805 seconds
Platform modules already initialized, skipping
Refreshing native plugins compatible for Editor in 0.24 ms, found 0 plugins.
Preloading 0 native plugins for Editor in 0.00 ms.
Unloading 1220 Unused Serialized files (Serialized files now loaded: 0)
System memory in use before: 80.1 MB.
System memory in use after: 80.2 MB.

Unloading 10 unused Assets to reduce memory usage. Loaded Objects now: 1785.
Total: 1.569700 ms (FindLiveObjects: 0.129900 ms CreateObjectMapping: 0.034700 ms MarkObjects: 1.359200 ms  DeleteObjects: 0.044700 ms)

========================================================================
Received Import Request.
  Time since last request: 448.259311 seconds.
  path: Assets/Resources/Player.prefab
  artifactKey: Guid(d6897370ea62acf4ca37e292a4c2d047) Importer(815301076,1909f56bfc062723c751e8b465ee728b)
Start importing Assets/Resources/Player.prefab using Guid(d6897370ea62acf4ca37e292a4c2d047) Importer(815301076,1909f56bfc062723c751e8b465ee728b)  -> (artifact id: '1286017f370105531ed883a42026ef9b') in 0.119309 seconds
  Import took 0.145597 seconds .

========================================================================
Received Prepare
Refreshing native plugins compatible for Editor in 2.10 ms, found 0 plugins.
Preloading 0 native plugins for Editor in 0.00 ms.
Unloading 8 Unused Serialized files (Serialized files now loaded: 0)
System memory in use before: 57.1 MB.
System memory in use after: 57.2 MB.

Unloading 8 unused Assets to reduce memory usage. Loaded Objects now: 1786.
Total: 1.993300 ms (FindLiveObjects: 0.121500 ms CreateObjectMapping: 0.033700 ms MarkObjects: 1.792200 ms  DeleteObjects: 0.044500 ms)

========================================================================
Received Prepare
Registering precompiled user dll's ...
Registered in 0.002774 seconds.
Begin MonoManager ReloadAssembly
Native extension for WindowsStandalone target not found
Native extension for WebGL target not found
Refreshing native plugins compatible for Editor in 0.22 ms, found 0 plugins.
Preloading 0 native plugins for Editor in 0.00 ms.
Invoked RoslynAnalysisRunner static constructor.
RoslynAnalysisRunner will not be running.
RoslynAnalysisRunner has terminated.
Mono: successfully reloaded assembly
- Completed reload, in  0.898 seconds
Platform modules already initialized, skipping
Refreshing native plugins compatible for Editor in 0.24 ms, found 0 plugins.
Preloading 0 native plugins for Editor in 0.00 ms.
Unloading 1220 Unused Serialized files (Serialized files now loaded: 0)
System memory in use before: 80.1 MB.
System memory in use after: 80.2 MB.

Unloading 10 unused Assets to reduce memory usage. Loaded Objects now: 1789.
Total: 2.679200 ms (FindLiveObjects: 0.165200 ms CreateObjectMapping: 0.056300 ms MarkObjects: 2.407800 ms  DeleteObjects: 0.048400 ms)

========================================================================
Received Prepare
Registering precompiled user dll's ...
Registered in 0.002703 seconds.
Begin MonoManager ReloadAssembly
Native extension for WindowsStandalone target not found
Native extension for WebGL target not found
Refreshing native plugins compatible for Editor in 0.23 ms, found 0 plugins.
Preloading 0 native plugins for Editor in 0.00 ms.
Invoked RoslynAnalysisRunner static constructor.
RoslynAnalysisRunner will not be running.
RoslynAnalysisRunner has terminated.
Mono: successfully reloaded assembly
- Completed reload, in  0.748 seconds
Platform modules already initialized, skipping
Refreshing native plugins compatible for Editor in 0.22 ms, found 0 plugins.
Preloading 0 native plugins for Editor in 0.00 ms.
Unloading 1220 Unused Serialized files (Serialized files now loaded: 0)
System memory in use before: 80.1 MB.
System memory in use after: 80.2 MB.

Unloading 10 unused Assets to reduce memory usage. Loaded Objects now: 1792.
Total: 1.419000 ms (FindLiveObjects: 0.122200 ms CreateObjectMapping: 0.032700 ms MarkObjects: 1.218200 ms  DeleteObjects: 0.044900 ms)

========================================================================
Received Prepare
Registering precompiled user dll's ...
Registered in 0.002547 seconds.
Begin MonoManager ReloadAssembly
Native extension for WindowsStandalone target not found
Native extension for WebGL target not found
Refreshing native plugins compatible for Editor in 0.22 ms, found 0 plugins.
Preloading 0 native plugins for Editor in 0.00 ms.
Invoked RoslynAnalysisRunner static constructor.
RoslynAnalysisRunner will not be running.
RoslynAnalysisRunner has terminated.
Mono: successfully reloaded assembly
- Completed reload, in  0.791 seconds
Platform modules already initialized, skipping
Refreshing native plugins compatible for Editor in 0.23 ms, found 0 plugins.
Preloading 0 native plugins for Editor in 0.00 ms.
Unloading 1220 Unused Serialized files (Serialized files now loaded: 0)
System memory in use before: 80.1 MB.
System memory in use after: 80.2 MB.

Unloading 10 unused Assets to reduce memory usage. Loaded Objects now: 1795.
Total: 2.605200 ms (FindLiveObjects: 0.129400 ms CreateObjectMapping: 0.036800 ms MarkObjects: 2.381200 ms  DeleteObjects: 0.056700 ms)

========================================================================
Received Prepare
Registering precompiled user dll's ...
Registered in 0.002843 seconds.
Begin MonoManager ReloadAssembly
Native extension for WindowsStandalone target not found
Native extension for WebGL target not found
Refreshing native plugins compatible for Editor in 0.26 ms, found 0 plugins.
Preloading 0 native plugins for Editor in 0.00 ms.
Invoked RoslynAnalysisRunner static constructor.
RoslynAnalysisRunner will not be running.
RoslynAnalysisRunner has terminated.
Mono: successfully reloaded assembly
- Completed reload, in  0.762 seconds
Platform modules already initialized, skipping
Refreshing native plugins compatible for Editor in 0.23 ms, found 0 plugins.
Preloading 0 native plugins for Editor in 0.00 ms.
Unloading 1220 Unused Serialized files (Serialized files now loaded: 0)
System memory in use before: 80.1 MB.
System memory in use after: 80.2 MB.

Unloading 10 unused Assets to reduce memory usage. Loaded Objects now: 1798.
Total: 1.486100 ms (FindLiveObjects: 0.213700 ms CreateObjectMapping: 0.036400 ms MarkObjects: 1.189600 ms  DeleteObjects: 0.045500 ms)

========================================================================
Received Import Request.
  Time since last request: 299.927327 seconds.
  path: Assets/Scripts/Gun.cs
  artifactKey: Guid(05a1464efe673a141bfbe850597f90b2) Importer(815301076,1909f56bfc062723c751e8b465ee728b)
Start importing Assets/Scripts/Gun.cs using Guid(05a1464efe673a141bfbe850597f90b2) Importer(815301076,1909f56bfc062723c751e8b465ee728b)  -> (artifact id: '929a52d33f7a1cba0a63fd8ca894be35') in 0.029011 seconds
  Import took 0.030792 seconds .

========================================================================
Received Import Request.
  Time since last request: 0.232833 seconds.
  path: Assets/Resources/Player.prefab
  artifactKey: Guid(d6897370ea62acf4ca37e292a4c2d047) Importer(815301076,1909f56bfc062723c751e8b465ee728b)
Start importing Assets/Resources/Player.prefab using Guid(d6897370ea62acf4ca37e292a4c2d047) Importer(815301076,1909f56bfc062723c751e8b465ee728b)  -> (artifact id: '649c3b9630730ee9651f0831497ebc20') in 0.107746 seconds
  Import took 0.219336 seconds .

========================================================================
Received Import Request.
  Time since last request: 65.523626 seconds.
  path: Assets/Resources/Player.prefab
  artifactKey: Guid(d6897370ea62acf4ca37e292a4c2d047) Importer(815301076,1909f56bfc062723c751e8b465ee728b)
Start importing Assets/Resources/Player.prefab using Guid(d6897370ea62acf4ca37e292a4c2d047) Importer(815301076,1909f56bfc062723c751e8b465ee728b)  -> (artifact id: '7c7cc7126635e4507ef0f98f5499b334') in 0.063890 seconds
  Import took 0.067549 seconds .

========================================================================
Received Prepare
Registering precompiled user dll's ...
Registered in 0.002809 seconds.
Begin MonoManager ReloadAssembly
Native extension for WindowsStandalone target not found
Native extension for WebGL target not found
Refreshing native plugins compatible for Editor in 0.23 ms, found 0 plugins.
Preloading 0 native plugins for Editor in 0.00 ms.
Invoked RoslynAnalysisRunner static constructor.
RoslynAnalysisRunner will not be running.
RoslynAnalysisRunner has terminated.
Mono: successfully reloaded assembly
- Completed reload, in  0.800 seconds
Platform modules already initialized, skipping
Refreshing native plugins compatible for Editor in 0.23 ms, found 0 plugins.
Preloading 0 native plugins for Editor in 0.00 ms.
Unloading 1220 Unused Serialized files (Serialized files now loaded: 0)
System memory in use before: 80.2 MB.
System memory in use after: 80.2 MB.

Unloading 10 unused Assets to reduce memory usage. Loaded Objects now: 1802.
Total: 1.344900 ms (FindLiveObjects: 0.119200 ms CreateObjectMapping: 0.031900 ms MarkObjects: 1.150500 ms  DeleteObjects: 0.042600 ms)

========================================================================
Received Import Request.
  Time since last request: 270.024440 seconds.
  path: Assets/Resources/Player.prefab
  artifactKey: Guid(d6897370ea62acf4ca37e292a4c2d047) Importer(815301076,1909f56bfc062723c751e8b465ee728b)
Start importing Assets/Resources/Player.prefab using Guid(d6897370ea62acf4ca37e292a4c2d047) Importer(815301076,1909f56bfc062723c751e8b465ee728b)  -> (artifact id: 'c5e3de7773fa1f8876adaed83bc8d133') in 0.100301 seconds
  Import took 0.248751 seconds .

========================================================================
Received Prepare
Registering precompiled user dll's ...
Registered in 0.003049 seconds.
Begin MonoManager ReloadAssembly
Native extension for WindowsStandalone target not found
Native extension for WebGL target not found
Refreshing native plugins compatible for Editor in 0.22 ms, found 0 plugins.
Preloading 0 native plugins for Editor in 0.00 ms.
Invoked RoslynAnalysisRunner static constructor.
RoslynAnalysisRunner will not be running.
RoslynAnalysisRunner has terminated.
Mono: successfully reloaded assembly
- Completed reload, in  0.812 seconds
Platform modules already initialized, skipping
Refreshing native plugins compatible for Editor in 0.23 ms, found 0 plugins.
Preloading 0 native plugins for Editor in 0.00 ms.
Unloading 1220 Unused Serialized files (Serialized files now loaded: 0)
System memory in use before: 80.2 MB.
System memory in use after: 80.3 MB.

Unloading 10 unused Assets to reduce memory usage. Loaded Objects now: 1806.
Total: 1.469500 ms (FindLiveObjects: 0.116100 ms CreateObjectMapping: 0.030300 ms MarkObjects: 1.277900 ms  DeleteObjects: 0.044500 ms)

========================================================================
Received Import Request.
  Time since last request: 62.623729 seconds.
  path: Assets/Resources/Player.prefab
  artifactKey: Guid(d6897370ea62acf4ca37e292a4c2d047) Importer(815301076,1909f56bfc062723c751e8b465ee728b)
Start importing Assets/Resources/Player.prefab using Guid(d6897370ea62acf4ca37e292a4c2d047) Importer(815301076,1909f56bfc062723c751e8b465ee728b)  -> (artifact id: '09b4fef6a0efe095dafeb27f5e416611') in 0.108930 seconds
  Import took 0.142795 seconds .

========================================================================
Received Import Request.
  Time since last request: 0.019471 seconds.
  path: Assets/Resources/Player.prefab
  artifactKey: Guid(d6897370ea62acf4ca37e292a4c2d047) Importer(815301076,1909f56bfc062723c751e8b465ee728b)
Start importing Assets/Resources/Player.prefab using Guid(d6897370ea62acf4ca37e292a4c2d047) Importer(815301076,1909f56bfc062723c751e8b465ee728b)  -> (artifact id: '09b4fef6a0efe095dafeb27f5e416611') in 0.063413 seconds
  Import took 0.066989 seconds .

========================================================================
Received Prepare
Registering precompiled user dll's ...
Registered in 0.002624 seconds.
Begin MonoManager ReloadAssembly
Native extension for WindowsStandalone target not found
Native extension for WebGL target not found
Refreshing native plugins compatible for Editor in 0.22 ms, found 0 plugins.
Preloading 0 native plugins for Editor in 0.00 ms.
Invoked RoslynAnalysisRunner static constructor.
RoslynAnalysisRunner will not be running.
RoslynAnalysisRunner has terminated.
Mono: successfully reloaded assembly
- Completed reload, in  0.872 seconds
Platform modules already initialized, skipping
Refreshing native plugins compatible for Editor in 0.22 ms, found 0 plugins.
Preloading 0 native plugins for Editor in 0.00 ms.
Unloading 1220 Unused Serialized files (Serialized files now loaded: 0)
System memory in use before: 80.2 MB.
System memory in use after: 80.3 MB.

Unloading 10 unused Assets to reduce memory usage. Loaded Objects now: 1810.
Total: 1.344700 ms (FindLiveObjects: 0.123500 ms CreateObjectMapping: 0.032100 ms MarkObjects: 1.140500 ms  DeleteObjects: 0.047400 ms)

========================================================================
Received Prepare
Registering precompiled user dll's ...
Registered in 0.003328 seconds.
Begin MonoManager ReloadAssembly
Native extension for WindowsStandalone target not found
Native extension for WebGL target not found
Refreshing native plugins compatible for Editor in 0.22 ms, found 0 plugins.
Preloading 0 native plugins for Editor in 0.00 ms.
Invoked RoslynAnalysisRunner static constructor.
RoslynAnalysisRunner will not be running.
RoslynAnalysisRunner has terminated.
Mono: successfully reloaded assembly
- Completed reload, in  0.762 seconds
Platform modules already initialized, skipping
Refreshing native plugins compatible for Editor in 0.22 ms, found 0 plugins.
Preloading 0 native plugins for Editor in 0.00 ms.
Unloading 1220 Unused Serialized files (Serialized files now loaded: 0)
System memory in use before: 80.2 MB.
System memory in use after: 80.3 MB.

Unloading 10 unused Assets to reduce memory usage. Loaded Objects now: 1813.
Total: 1.355000 ms (FindLiveObjects: 0.123400 ms CreateObjectMapping: 0.031300 ms MarkObjects: 1.155600 ms  DeleteObjects: 0.044000 ms)

========================================================================
Received Import Request.
  Time since last request: 221.905918 seconds.
  path: Assets/Resources/Player.prefab
  artifactKey: Guid(d6897370ea62acf4ca37e292a4c2d047) Importer(815301076,1909f56bfc062723c751e8b465ee728b)
Start importing Assets/Resources/Player.prefab using Guid(d6897370ea62acf4ca37e292a4c2d047) Importer(815301076,1909f56bfc062723c751e8b465ee728b)  -> (artifact id: 'e52a675e25484ba4cfd66ce8189549cb') in 0.114241 seconds
  Import took 0.117490 seconds .

========================================================================
Received Prepare
Registering precompiled user dll's ...
Registered in 0.004091 seconds.
Begin MonoManager ReloadAssembly
Native extension for WindowsStandalone target not found
Native extension for WebGL target not found
Refreshing native plugins compatible for Editor in 0.22 ms, found 0 plugins.
Preloading 0 native plugins for Editor in 0.00 ms.
Invoked RoslynAnalysisRunner static constructor.
RoslynAnalysisRunner will not be running.
RoslynAnalysisRunner has terminated.
Mono: successfully reloaded assembly
- Completed reload, in  0.779 seconds
Platform modules already initialized, skipping
Refreshing native plugins compatible for Editor in 0.24 ms, found 0 plugins.
Preloading 0 native plugins for Editor in 0.00 ms.
Unloading 1220 Unused Serialized files (Serialized files now loaded: 0)
System memory in use before: 80.2 MB.
System memory in use after: 80.3 MB.

Unloading 10 unused Assets to reduce memory usage. Loaded Objects now: 1817.
Total: 1.386400 ms (FindLiveObjects: 0.118600 ms CreateObjectMapping: 0.030800 ms MarkObjects: 1.195200 ms  DeleteObjects: 0.040700 ms)

========================================================================
Received Import Request.
  Time since last request: 244.170120 seconds.
  path: Assets/_Udemy Online Game Assets/Audio/SFX
  artifactKey: Guid(92684a136ce96274d8aa5ec1e1b6b75b) Importer(815301076,1909f56bfc062723c751e8b465ee728b)
Start importing Assets/_Udemy Online Game Assets/Audio/SFX using Guid(92684a136ce96274d8aa5ec1e1b6b75b) Importer(815301076,1909f56bfc062723c751e8b465ee728b)  -> (artifact id: '1fa13b752229956c089ba65246f8bc46') in 0.030937 seconds
  Import took 0.050859 seconds .

========================================================================
Received Import Request.
  Time since last request: 38.033261 seconds.
  path: Assets/_Udemy Online Game Assets/Audio/SFX/Master Mixer.mixer
  artifactKey: Guid(2d07a3ebb623346488ecbaf58bb63cd7) Importer(815301076,1909f56bfc062723c751e8b465ee728b)
Start importing Assets/_Udemy Online Game Assets/Audio/SFX/Master Mixer.mixer using Guid(2d07a3ebb623346488ecbaf58bb63cd7) Importer(815301076,1909f56bfc062723c751e8b465ee728b)  -> (artifact id: '9051632f0c35e152cf2b249cb7f6a926') in 0.019674 seconds
  Import took 0.021724 seconds .

========================================================================
Received Import Request.
  Time since last request: 10.685844 seconds.
  path: Assets/Master Mixer.mixer
  artifactKey: Guid(2d07a3ebb623346488ecbaf58bb63cd7) Importer(815301076,1909f56bfc062723c751e8b465ee728b)
Start importing Assets/Master Mixer.mixer using Guid(2d07a3ebb623346488ecbaf58bb63cd7) Importer(815301076,1909f56bfc062723c751e8b465ee728b)  -> (artifact id: '2341f2d24e7bea6241ef6594e7bd026f') in 0.006446 seconds
  Import took 0.008383 seconds .

========================================================================
Received Import Request.
  Time since last request: 0.016285 seconds.
  path: Assets/Master Mixer.mixer
  artifactKey: Guid(2d07a3ebb623346488ecbaf58bb63cd7) Importer(815301076,1909f56bfc062723c751e8b465ee728b)
Start importing Assets/Master Mixer.mixer using Guid(2d07a3ebb623346488ecbaf58bb63cd7) Importer(815301076,1909f56bfc062723c751e8b465ee728b)  -> (artifact id: '2341f2d24e7bea6241ef6594e7bd026f') in 0.007128 seconds
  Import took 0.009336 seconds .

========================================================================
Received Import Request.
  Time since last request: 3.820768 seconds.
  path: Assets/Master Mixer.mixer
  artifactKey: Guid(2d07a3ebb623346488ecbaf58bb63cd7) Importer(815301076,1909f56bfc062723c751e8b465ee728b)
Start importing Assets/Master Mixer.mixer using Guid(2d07a3ebb623346488ecbaf58bb63cd7) Importer(815301076,1909f56bfc062723c751e8b465ee728b)  -> (artifact id: '0dd9bfc8c14f08bcf92373a4f5fd6b14') in 0.008327 seconds
  Import took 0.031859 seconds .

========================================================================
Received Import Request.
  Time since last request: 2.529693 seconds.
  path: Assets/Master Mixer.mixer
  artifactKey: Guid(2d07a3ebb623346488ecbaf58bb63cd7) Importer(815301076,1909f56bfc062723c751e8b465ee728b)
Start importing Assets/Master Mixer.mixer using Guid(2d07a3ebb623346488ecbaf58bb63cd7) Importer(815301076,1909f56bfc062723c751e8b465ee728b)  -> (artifact id: '9f466f56f45064c3fb5c9edbec64870e') in 0.006116 seconds
  Import took 0.029143 seconds .

========================================================================
Received Import Request.
  Time since last request: 0.004406 seconds.
  path: Assets/Master Mixer.mixer
  artifactKey: Guid(2d07a3ebb623346488ecbaf58bb63cd7) Importer(815301076,1909f56bfc062723c751e8b465ee728b)
Start importing Assets/Master Mixer.mixer using Guid(2d07a3ebb623346488ecbaf58bb63cd7) Importer(815301076,1909f56bfc062723c751e8b465ee728b)  -> (artifact id: '9f466f56f45064c3fb5c9edbec64870e') in 0.007572 seconds
  Import took 0.009869 seconds .

========================================================================
Received Import Request.
  Time since last request: 2.289880 seconds.
  path: Assets/Master Mixer.mixer
  artifactKey: Guid(2d07a3ebb623346488ecbaf58bb63cd7) Importer(815301076,1909f56bfc062723c751e8b465ee728b)
Start importing Assets/Master Mixer.mixer using Guid(2d07a3ebb623346488ecbaf58bb63cd7) Importer(815301076,1909f56bfc062723c751e8b465ee728b)  -> (artifact id: 'fe142cb7c1fbe2a0022f5bad5d161f4e') in 0.009524 seconds
  Import took 0.011424 seconds .

========================================================================
Received Import Request.
  Time since last request: 161.509979 seconds.
  path: Assets/_Udemy Online Game Assets/Audio/SFX/shot (machinegun).wav
  artifactKey: Guid(e8b0bb6cfb805504a8ed2d40cb08b930) Importer(815301076,1909f56bfc062723c751e8b465ee728b)
Start importing Assets/_Udemy Online Game Assets/Audio/SFX/shot (machinegun).wav using Guid(e8b0bb6cfb805504a8ed2d40cb08b930) Importer(815301076,1909f56bfc062723c751e8b465ee728b)  -> (artifact id: 'adca1d8aab0f6630bd1df63d077ea481') in 0.105798 seconds
  Import took 0.136570 seconds .

========================================================================
Received Import Request.
  Time since last request: 5.268041 seconds.
  path: Assets/_Udemy Online Game Assets/Audio/SFX/shot (pistol).wav
  artifactKey: Guid(9b8cf30945ad85148b51c040f48adc21) Importer(815301076,1909f56bfc062723c751e8b465ee728b)
Start importing Assets/_Udemy Online Game Assets/Audio/SFX/shot (pistol).wav using Guid(9b8cf30945ad85148b51c040f48adc21) Importer(815301076,1909f56bfc062723c751e8b465ee728b)  -> (artifact id: 'bbd24473e17264944516eed3c658d5dd') in 0.014455 seconds
  Import took 0.042629 seconds .

========================================================================
Received Import Request.
  Time since last request: 19.831059 seconds.
  path: Assets/Resources/Player.prefab
  artifactKey: Guid(d6897370ea62acf4ca37e292a4c2d047) Importer(815301076,1909f56bfc062723c751e8b465ee728b)
Start importing Assets/Resources/Player.prefab using Guid(d6897370ea62acf4ca37e292a4c2d047) Importer(815301076,1909f56bfc062723c751e8b465ee728b)  -> (artifact id: 'c27e30faf3affea355669fc4826d2bbb') in 0.078911 seconds
  Import took 0.107611 seconds .

========================================================================
Received Prepare
Registering precompiled user dll's ...
Registered in 0.002748 seconds.
Begin MonoManager ReloadAssembly
Native extension for WindowsStandalone target not found
Native extension for WebGL target not found
Refreshing native plugins compatible for Editor in 0.31 ms, found 0 plugins.
Preloading 0 native plugins for Editor in 0.00 ms.
Invoked RoslynAnalysisRunner static constructor.
RoslynAnalysisRunner will not be running.
RoslynAnalysisRunner has terminated.
Mono: successfully reloaded assembly
- Completed reload, in  0.796 seconds
Platform modules already initialized, skipping
Refreshing native plugins compatible for Editor in 0.22 ms, found 0 plugins.
Preloading 0 native plugins for Editor in 0.00 ms.
Unloading 1220 Unused Serialized files (Serialized files now loaded: 0)
System memory in use before: 80.3 MB.
System memory in use after: 80.4 MB.

Unloading 10 unused Assets to reduce memory usage. Loaded Objects now: 1823.
Total: 1.556800 ms (FindLiveObjects: 0.230300 ms CreateObjectMapping: 0.044200 ms MarkObjects: 1.234000 ms  DeleteObjects: 0.046300 ms)

========================================================================
Received Prepare
Registering precompiled user dll's ...
Registered in 0.003881 seconds.
Begin MonoManager ReloadAssembly
Native extension for WindowsStandalone target not found
Native extension for WebGL target not found
Refreshing native plugins compatible for Editor in 0.22 ms, found 0 plugins.
Preloading 0 native plugins for Editor in 0.00 ms.
Invoked RoslynAnalysisRunner static constructor.
RoslynAnalysisRunner will not be running.
RoslynAnalysisRunner has terminated.
Mono: successfully reloaded assembly
- Completed reload, in  0.800 seconds
Platform modules already initialized, skipping
Refreshing native plugins compatible for Editor in 0.22 ms, found 0 plugins.
Preloading 0 native plugins for Editor in 0.00 ms.
Unloading 1220 Unused Serialized files (Serialized files now loaded: 0)
System memory in use before: 80.3 MB.
System memory in use after: 80.4 MB.

Unloading 10 unused Assets to reduce memory usage. Loaded Objects now: 1826.
Total: 1.435300 ms (FindLiveObjects: 0.130300 ms CreateObjectMapping: 0.030900 ms MarkObjects: 1.228400 ms  DeleteObjects: 0.044800 ms)

========================================================================
Received Prepare
Registering precompiled user dll's ...
Registered in 0.005548 seconds.
Begin MonoManager ReloadAssembly
Native extension for WindowsStandalone target not found
Native extension for WebGL target not found
Refreshing native plugins compatible for Editor in 0.22 ms, found 0 plugins.
Preloading 0 native plugins for Editor in 0.00 ms.
Invoked RoslynAnalysisRunner static constructor.
RoslynAnalysisRunner will not be running.
RoslynAnalysisRunner has terminated.
Mono: successfully reloaded assembly
- Completed reload, in  0.790 seconds
Platform modules already initialized, skipping
Refreshing native plugins compatible for Editor in 0.26 ms, found 0 plugins.
Preloading 0 native plugins for Editor in 0.00 ms.
Unloading 1220 Unused Serialized files (Serialized files now loaded: 0)
System memory in use before: 80.3 MB.
System memory in use after: 80.4 MB.

Unloading 10 unused Assets to reduce memory usage. Loaded Objects now: 1829.
Total: 1.996900 ms (FindLiveObjects: 0.136200 ms CreateObjectMapping: 0.038100 ms MarkObjects: 1.766400 ms  DeleteObjects: 0.054600 ms)

========================================================================
Received Prepare
Registering precompiled user dll's ...
Registered in 0.002584 seconds.
Begin MonoManager ReloadAssembly
Native extension for WindowsStandalone target not found
Native extension for WebGL target not found
Refreshing native plugins compatible for Editor in 0.22 ms, found 0 plugins.
Preloading 0 native plugins for Editor in 0.00 ms.
Invoked RoslynAnalysisRunner static constructor.
RoslynAnalysisRunner will not be running.
RoslynAnalysisRunner has terminated.
Mono: successfully reloaded assembly
- Completed reload, in  0.794 seconds
Platform modules already initialized, skipping
Refreshing native plugins compatible for Editor in 0.24 ms, found 0 plugins.
Preloading 0 native plugins for Editor in 0.00 ms.
Unloading 1220 Unused Serialized files (Serialized files now loaded: 0)
System memory in use before: 80.3 MB.
System memory in use after: 80.4 MB.

Unloading 10 unused Assets to reduce memory usage. Loaded Objects now: 1832.
Total: 1.371000 ms (FindLiveObjects: 0.123300 ms CreateObjectMapping: 0.031500 ms MarkObjects: 1.172500 ms  DeleteObjects: 0.042900 ms)

========================================================================
Received Prepare
Registering precompiled user dll's ...
Registered in 0.002573 seconds.
Begin MonoManager ReloadAssembly
Native extension for WindowsStandalone target not found
Native extension for WebGL target not found
Refreshing native plugins compatible for Editor in 0.30 ms, found 0 plugins.
Preloading 0 native plugins for Editor in 0.00 ms.
Invoked RoslynAnalysisRunner static constructor.
RoslynAnalysisRunner will not be running.
RoslynAnalysisRunner has terminated.
Mono: successfully reloaded assembly
- Completed reload, in  0.767 seconds
Platform modules already initialized, skipping
Refreshing native plugins compatible for Editor in 0.21 ms, found 0 plugins.
Preloading 0 native plugins for Editor in 0.00 ms.
Unloading 1220 Unused Serialized files (Serialized files now loaded: 0)
System memory in use before: 80.3 MB.
System memory in use after: 80.4 MB.

Unloading 10 unused Assets to reduce memory usage. Loaded Objects now: 1835.
Total: 1.853900 ms (FindLiveObjects: 0.135500 ms CreateObjectMapping: 0.037000 ms MarkObjects: 1.611400 ms  DeleteObjects: 0.069000 ms)

========================================================================
Received Import Request.
  Time since last request: 639.758232 seconds.
  path: Assets/Scenes/Main Menu.unity
  artifactKey: Guid(add7087a7cebfd94e992b4a502c859ec) Importer(815301076,1909f56bfc062723c751e8b465ee728b)
Start importing Assets/Scenes/Main Menu.unity using Guid(add7087a7cebfd94e992b4a502c859ec) Importer(815301076,1909f56bfc062723c751e8b465ee728b)  -> (artifact id: '8772d2426a4a1af09342b3da3897ce7c') in 0.015557 seconds
  Import took 0.039556 seconds .

========================================================================
Received Import Request.
  Time since last request: 7.821983 seconds.
  path: Assets/_Udemy Online Game Assets/Audio/Music
  artifactKey: Guid(a57ff5ed926217245badad9a35c3b7ce) Importer(815301076,1909f56bfc062723c751e8b465ee728b)
Start importing Assets/_Udemy Online Game Assets/Audio/Music using Guid(a57ff5ed926217245badad9a35c3b7ce) Importer(815301076,1909f56bfc062723c751e8b465ee728b)  -> (artifact id: '3fb58e81cbea5dd3916301dacf56373a') in 0.031361 seconds
  Import took 0.053215 seconds .

========================================================================
Received Import Request.
  Time since last request: 40.368560 seconds.
  path: Assets/Master Mixer.mixer
  artifactKey: Guid(2d07a3ebb623346488ecbaf58bb63cd7) Importer(815301076,1909f56bfc062723c751e8b465ee728b)
Start importing Assets/Master Mixer.mixer using Guid(2d07a3ebb623346488ecbaf58bb63cd7) Importer(815301076,1909f56bfc062723c751e8b465ee728b)  -> (artifact id: 'cd438d75919107d4c04bb06648523c04') in 0.008042 seconds
  Import took 0.010139 seconds .

========================================================================
Received Prepare
Registering precompiled user dll's ...
Registered in 0.003670 seconds.
Begin MonoManager ReloadAssembly
Native extension for WindowsStandalone target not found
Native extension for WebGL target not found
Refreshing native plugins compatible for Editor in 0.22 ms, found 0 plugins.
Preloading 0 native plugins for Editor in 0.00 ms.
Invoked RoslynAnalysisRunner static constructor.
RoslynAnalysisRunner will not be running.
RoslynAnalysisRunner has terminated.
Mono: successfully reloaded assembly
- Completed reload, in  0.768 seconds
Platform modules already initialized, skipping
Refreshing native plugins compatible for Editor in 0.22 ms, found 0 plugins.
Preloading 0 native plugins for Editor in 0.00 ms.
Unloading 1220 Unused Serialized files (Serialized files now loaded: 0)
System memory in use before: 80.3 MB.
System memory in use after: 80.4 MB.

Unloading 10 unused Assets to reduce memory usage. Loaded Objects now: 1838.
Total: 1.592900 ms (FindLiveObjects: 0.122900 ms CreateObjectMapping: 0.032800 ms MarkObjects: 1.384300 ms  DeleteObjects: 0.051900 ms)

========================================================================
Received Import Request.
  Time since last request: 79.540101 seconds.
  path: Assets/Scenes/Map 2.unity
  artifactKey: Guid(665174d72c09a084e8483146990637a8) Importer(815301076,1909f56bfc062723c751e8b465ee728b)
Start importing Assets/Scenes/Map 2.unity using Guid(665174d72c09a084e8483146990637a8) Importer(815301076,1909f56bfc062723c751e8b465ee728b)  -> (artifact id: 'affee4004fde125c4d31d46c77edb84b') in 0.017118 seconds
  Import took 0.019152 seconds .

========================================================================
Received Import Request.
  Time since last request: 17.688933 seconds.
  path: Assets/Scenes/Main Menu.unity
  artifactKey: Guid(add7087a7cebfd94e992b4a502c859ec) Importer(815301076,1909f56bfc062723c751e8b465ee728b)
Start importing Assets/Scenes/Main Menu.unity using Guid(add7087a7cebfd94e992b4a502c859ec) Importer(815301076,1909f56bfc062723c751e8b465ee728b)  -> (artifact id: '73ca51e1231cc127624b224f749efff9') in 0.006463 seconds
  Import took 0.008439 seconds .

========================================================================
Received Import Request.
  Time since last request: 64.883437 seconds.
  path: Assets/Master Mixer.mixer
  artifactKey: Guid(2d07a3ebb623346488ecbaf58bb63cd7) Importer(815301076,1909f56bfc062723c751e8b465ee728b)
Start importing Assets/Master Mixer.mixer using Guid(2d07a3ebb623346488ecbaf58bb63cd7) Importer(815301076,1909f56bfc062723c751e8b465ee728b)  -> (artifact id: 'f962c9f79a50dad507b6f4f83ffdd4dc') in 0.007608 seconds
  Import took 0.009690 seconds .

========================================================================
Received Import Request.
  Time since last request: 0.006327 seconds.
  path: Assets/Master Mixer.mixer
  artifactKey: Guid(2d07a3ebb623346488ecbaf58bb63cd7) Importer(815301076,1909f56bfc062723c751e8b465ee728b)
Start importing Assets/Master Mixer.mixer using Guid(2d07a3ebb623346488ecbaf58bb63cd7) Importer(815301076,1909f56bfc062723c751e8b465ee728b)  -> (artifact id: 'f962c9f79a50dad507b6f4f83ffdd4dc') in 0.008283 seconds
  Import took 0.010147 seconds .

========================================================================
Received Prepare
Registering precompiled user dll's ...
Registered in 0.003010 seconds.
Begin MonoManager ReloadAssembly
Native extension for WindowsStandalone target not found
Native extension for WebGL target not found
Refreshing native plugins compatible for Editor in 0.22 ms, found 0 plugins.
Preloading 0 native plugins for Editor in 0.00 ms.
Invoked RoslynAnalysisRunner static constructor.
RoslynAnalysisRunner will not be running.
RoslynAnalysisRunner has terminated.
Mono: successfully reloaded assembly
- Completed reload, in  0.777 seconds
Platform modules already initialized, skipping
Refreshing native plugins compatible for Editor in 0.22 ms, found 0 plugins.
Preloading 0 native plugins for Editor in 0.00 ms.
Unloading 1220 Unused Serialized files (Serialized files now loaded: 0)
System memory in use before: 80.3 MB.
System memory in use after: 80.4 MB.

Unloading 10 unused Assets to reduce memory usage. Loaded Objects now: 1841.
Total: 1.449800 ms (FindLiveObjects: 0.115900 ms CreateObjectMapping: 0.029400 ms MarkObjects: 1.259600 ms  DeleteObjects: 0.044200 ms)

========================================================================
Received Prepare
Refreshing native plugins compatible for Editor in 2.17 ms, found 0 plugins.
Preloading 0 native plugins for Editor in 0.00 ms.
Unloading 8 Unused Serialized files (Serialized files now loaded: 0)
System memory in use before: 56.3 MB.
System memory in use after: 56.4 MB.

Unloading 8 unused Assets to reduce memory usage. Loaded Objects now: 1841.
Total: 2.260800 ms (FindLiveObjects: 0.312100 ms CreateObjectMapping: 0.049400 ms MarkObjects: 1.847500 ms  DeleteObjects: 0.050400 ms)

AssetImportWorkerClient::OnTransportError - code=2 error=End of file
