Using pre-set license
Built from '2020.3/staging' branch; Version is '2020.3.0f1 (c7b5465681fb) revision 13088070'; Using compiler version '192528614'; Build Type 'Release'
OS: 'Windows 10 Pro; OS build 18363.1379; Version 1909; 64bit' Language: 'en' Physical Memory: 16348 MB
BatchMode: 1, IsHumanControllingUs: 0, StartBugReporterOnCrash: 0, Is64bit: 1, IsPro: 0

 COMMAND LINE ARGUMENTS:
C:\Program Files\Unity\Hub\Editor\2020.3.0f1\Editor\Unity.exe
-adb2
-batchMode
-noUpm
-name
AssetImportWorker0
-projectPath
D:/Udemy/Online Multiplayer/_Active/Udemy Online FPS
-logFile
Logs/AssetImportWorker0.log
-srvPort
62843
Successfully changed project path to: D:/Udemy/Online Multiplayer/_Active/Udemy Online FPS
D:/Udemy/Online Multiplayer/_Active/Udemy Online FPS
Using Asset Import Pipeline V2.
Refreshing native plugins compatible for Editor in 30.50 ms, found 0 plugins.
Preloading 0 native plugins for Editor in 0.00 ms.
Initialize engine version: 2020.3.0f1 (c7b5465681fb)
[Subsystems] Discovering subsystems at path C:/Program Files/Unity/Hub/Editor/2020.3.0f1/Editor/Data/Resources/UnitySubsystems
[Subsystems] Discovering subsystems at path D:/Udemy/Online Multiplayer/_Active/Udemy Online FPS/Assets
GfxDevice: creating device client; threaded=0
Direct3D:
    Version:  Direct3D 11.0 [level 11.1]
    Renderer: NVIDIA GeForce GTX 1070 (ID=0x1b81)
    Vendor:   
    VRAM:     8088 MB
    Driver:   27.21.14.5671
Initialize mono
Mono path[0] = 'C:/Program Files/Unity/Hub/Editor/2020.3.0f1/Editor/Data/Managed'
Mono path[1] = 'C:/Program Files/Unity/Hub/Editor/2020.3.0f1/Editor/Data/MonoBleedingEdge/lib/mono/unityjit'
Mono config path = 'C:/Program Files/Unity/Hub/Editor/2020.3.0f1/Editor/Data/MonoBleedingEdge/etc'
Using monoOptions --debugger-agent=transport=dt_socket,embedding=1,server=y,suspend=n,address=127.0.0.1:56688
Begin MonoManager ReloadAssembly
Registering precompiled unity dll's ...
Register platform support module: C:/Program Files/Unity/Hub/Editor/2020.3.0f1/Editor/Data/PlaybackEngines/WebGLSupport/UnityEditor.WebGL.Extensions.dll
Register platform support module: C:/Program Files/Unity/Hub/Editor/2020.3.0f1/Editor/Data/PlaybackEngines/WindowsStandaloneSupport/UnityEditor.WindowsStandalone.Extensions.dll
Registered in 0.002747 seconds.
Native extension for WindowsStandalone target not found
Native extension for WebGL target not found
Refreshing native plugins compatible for Editor in 22.79 ms, found 0 plugins.
Preloading 0 native plugins for Editor in 0.00 ms.
Invoked RoslynAnalysisRunner static constructor.
RoslynAnalysisRunner will not be running.
RoslynAnalysisRunner has terminated.
Mono: successfully reloaded assembly
- Completed reload, in  1.322 seconds
Platform modules already initialized, skipping
Registering precompiled user dll's ...
Registered in 0.002639 seconds.
Begin MonoManager ReloadAssembly
Native extension for WindowsStandalone target not found
Native extension for WebGL target not found
Refreshing native plugins compatible for Editor in 0.22 ms, found 0 plugins.
Preloading 0 native plugins for Editor in 0.00 ms.
Invoked RoslynAnalysisRunner static constructor.
RoslynAnalysisRunner will not be running.
RoslynAnalysisRunner has terminated.
Mono: successfully reloaded assembly
- Completed reload, in  0.828 seconds
Platform modules already initialized, skipping
========================================================================
Worker process is ready to serve import requests
Launched and connected shader compiler UnityShaderCompiler.exe after 0.05 seconds
Refreshing native plugins compatible for Editor in 0.21 ms, found 0 plugins.
Preloading 0 native plugins for Editor in 0.00 ms.
Unloading 1238 Unused Serialized files (Serialized files now loaded: 0)
System memory in use before: 63.6 MB.
System memory in use after: 63.7 MB.

Unloading 15 unused Assets to reduce memory usage. Loaded Objects now: 1678.
Total: 1.992000 ms (FindLiveObjects: 0.124600 ms CreateObjectMapping: 0.116200 ms MarkObjects: 1.620500 ms  DeleteObjects: 0.129600 ms)

========================================================================
Received Import Request.
  path: Assets/Prefabs/Level Bits/Match Manager.prefab
  artifactKey: Guid(57729d195872b9446bd2bbfa8287747e) Importer(815301076,1909f56bfc062723c751e8b465ee728b)
Start importing Assets/Prefabs/Level Bits/Match Manager.prefab using Guid(57729d195872b9446bd2bbfa8287747e) Importer(815301076,1909f56bfc062723c751e8b465ee728b)  -> (artifact id: 'b980cefea1c39cf6322c45c21ea4a402') in 0.047357 seconds
  Import took 0.049134 seconds .

========================================================================
Received Import Request.
  Time since last request: 0.598812 seconds.
  path: Assets/Prefabs/Level Bits/Match Manager.prefab
  artifactKey: Guid(57729d195872b9446bd2bbfa8287747e) Importer(815301076,1909f56bfc062723c751e8b465ee728b)
Start importing Assets/Prefabs/Level Bits/Match Manager.prefab using Guid(57729d195872b9446bd2bbfa8287747e) Importer(815301076,1909f56bfc062723c751e8b465ee728b)  -> (artifact id: '88382160757bed06aab5f184da458517') in 0.004242 seconds
  Import took 0.005959 seconds .

========================================================================
Received Import Request.
  Time since last request: 5.516064 seconds.
  path: Assets/Prefabs/Level Bits/Match Manager.prefab
  artifactKey: Guid(57729d195872b9446bd2bbfa8287747e) Importer(815301076,1909f56bfc062723c751e8b465ee728b)
Start importing Assets/Prefabs/Level Bits/Match Manager.prefab using Guid(57729d195872b9446bd2bbfa8287747e) Importer(815301076,1909f56bfc062723c751e8b465ee728b)  -> (artifact id: '462b602b56f43e188f1779c6139ee9b5') in 0.003900 seconds
  Import took 0.005956 seconds .

========================================================================
Received Import Request.
  Time since last request: 15.887048 seconds.
  path: Assets/Scenes/Map 1.unity
  artifactKey: Guid(fbc8b8a9bf3c5954aa8eb5e00756c27f) Importer(815301076,1909f56bfc062723c751e8b465ee728b)
Start importing Assets/Scenes/Map 1.unity using Guid(fbc8b8a9bf3c5954aa8eb5e00756c27f) Importer(815301076,1909f56bfc062723c751e8b465ee728b)  -> (artifact id: '12f5c67ae27b417ad20cb99819aa2c76') in 0.030147 seconds
  Import took 0.031894 seconds .

========================================================================
Received Import Request.
  Time since last request: 6.508229 seconds.
  path: Assets/Scenes/Map 2.unity
  artifactKey: Guid(665174d72c09a084e8483146990637a8) Importer(815301076,1909f56bfc062723c751e8b465ee728b)
Start importing Assets/Scenes/Map 2.unity using Guid(665174d72c09a084e8483146990637a8) Importer(815301076,1909f56bfc062723c751e8b465ee728b)  -> (artifact id: '866b0d03471714b31f9c1d88feb6b701') in 0.004140 seconds
  Import took 0.006241 seconds .

========================================================================
Received Import Request.
  Time since last request: 0.000719 seconds.
  path: Assets/Scenes/Map 2.unity
  artifactKey: Guid(665174d72c09a084e8483146990637a8) Importer(815301076,1909f56bfc062723c751e8b465ee728b)
Start importing Assets/Scenes/Map 2.unity using Guid(665174d72c09a084e8483146990637a8) Importer(815301076,1909f56bfc062723c751e8b465ee728b)  -> (artifact id: '866b0d03471714b31f9c1d88feb6b701') in 0.002594 seconds
  Import took 0.005039 seconds .

========================================================================
Received Prepare
Refreshing native plugins compatible for Editor in 1.93 ms, found 0 plugins.
Preloading 0 native plugins for Editor in 0.00 ms.
Unloading 8 Unused Serialized files (Serialized files now loaded: 0)
System memory in use before: 38.5 MB.
System memory in use after: 38.6 MB.

Unloading 8 unused Assets to reduce memory usage. Loaded Objects now: 1678.
Total: 1.634800 ms (FindLiveObjects: 0.118200 ms CreateObjectMapping: 0.031100 ms MarkObjects: 1.443900 ms  DeleteObjects: 0.040800 ms)

========================================================================
Received Prepare
Registering precompiled user dll's ...
Registered in 0.002679 seconds.
Begin MonoManager ReloadAssembly
Native extension for WindowsStandalone target not found
Native extension for WebGL target not found
Refreshing native plugins compatible for Editor in 0.22 ms, found 0 plugins.
Preloading 0 native plugins for Editor in 0.00 ms.
Invoked RoslynAnalysisRunner static constructor.
RoslynAnalysisRunner will not be running.
RoslynAnalysisRunner has terminated.
Mono: successfully reloaded assembly
- Completed reload, in  0.827 seconds
Platform modules already initialized, skipping
Refreshing native plugins compatible for Editor in 0.24 ms, found 0 plugins.
Preloading 0 native plugins for Editor in 0.00 ms.
Unloading 1220 Unused Serialized files (Serialized files now loaded: 0)
System memory in use before: 62.6 MB.
System memory in use after: 62.7 MB.

Unloading 10 unused Assets to reduce memory usage. Loaded Objects now: 1681.
Total: 1.391300 ms (FindLiveObjects: 0.112800 ms CreateObjectMapping: 0.030000 ms MarkObjects: 1.198700 ms  DeleteObjects: 0.048700 ms)

========================================================================
Received Prepare
Registering precompiled user dll's ...
Registered in 0.003557 seconds.
Begin MonoManager ReloadAssembly
Native extension for WindowsStandalone target not found
Native extension for WebGL target not found
Refreshing native plugins compatible for Editor in 0.24 ms, found 0 plugins.
Preloading 0 native plugins for Editor in 0.00 ms.
Invoked RoslynAnalysisRunner static constructor.
RoslynAnalysisRunner will not be running.
RoslynAnalysisRunner has terminated.
Mono: successfully reloaded assembly
- Completed reload, in  0.856 seconds
Platform modules already initialized, skipping
Refreshing native plugins compatible for Editor in 0.22 ms, found 0 plugins.
Preloading 0 native plugins for Editor in 0.00 ms.
Unloading 1220 Unused Serialized files (Serialized files now loaded: 0)
System memory in use before: 62.6 MB.
System memory in use after: 62.7 MB.

Unloading 10 unused Assets to reduce memory usage. Loaded Objects now: 1684.
Total: 1.894300 ms (FindLiveObjects: 0.129200 ms CreateObjectMapping: 0.036200 ms MarkObjects: 1.528600 ms  DeleteObjects: 0.198700 ms)

========================================================================
Received Prepare
Registering precompiled user dll's ...
Registered in 0.002839 seconds.
Begin MonoManager ReloadAssembly
Native extension for WindowsStandalone target not found
Native extension for WebGL target not found
Refreshing native plugins compatible for Editor in 0.24 ms, found 0 plugins.
Preloading 0 native plugins for Editor in 0.00 ms.
Invoked RoslynAnalysisRunner static constructor.
RoslynAnalysisRunner will not be running.
RoslynAnalysisRunner has terminated.
Mono: successfully reloaded assembly
- Completed reload, in  0.879 seconds
Platform modules already initialized, skipping
Refreshing native plugins compatible for Editor in 0.22 ms, found 0 plugins.
Preloading 0 native plugins for Editor in 0.00 ms.
Unloading 1220 Unused Serialized files (Serialized files now loaded: 0)
System memory in use before: 62.7 MB.
System memory in use after: 62.7 MB.

Unloading 10 unused Assets to reduce memory usage. Loaded Objects now: 1687.
Total: 1.929400 ms (FindLiveObjects: 0.153600 ms CreateObjectMapping: 0.042300 ms MarkObjects: 1.670900 ms  DeleteObjects: 0.061400 ms)

AssetImportWorkerClient::OnTransportError - code=2 error=End of file
